"../../../Engine/Config/Android/DataDrivenPlatformInfo.ini" 1
"../../../Engine/Config/Base.ini" 2
"../../../Engine/Config/BaseEngine.ini" 3
"../../../Engine/Config/Android/BaseAndroidEngine.ini" 4
"C:/Unreal Projects/NeutopiaRTracker/Config/DefaultEngine.ini" 5
"../../../Engine/Config/Android/AndroidEngine.ini" 6
"../../../Engine/Config/HoloLens/DataDrivenPlatformInfo.ini" 7
"../../../Engine/Config/IOS/DataDrivenPlatformInfo.ini" 8
"../../../Engine/Config/Linux/DataDrivenPlatformInfo.ini" 9
"../../../Engine/Config/LinuxAArch64/DataDrivenPlatformInfo.ini" 10
"../../../Engine/Config/Lumin/DataDrivenPlatformInfo.ini" 11
"../../../Engine/Config/Mac/DataDrivenPlatformInfo.ini" 12
"../../../Engine/Config/TVOS/DataDrivenPlatformInfo.ini" 13
"../../../Engine/Config/Windows/DataDrivenPlatformInfo.ini" 14
"../../../Engine/Config/Windows/BaseWindowsEngine.ini" 15
"../../../Engine/Config/Windows/WindowsEngine.ini" 16
"C:/Unreal Projects/NeutopiaRTracker/Saved/Config/Windows/Engine.ini" 17
"C:/Unreal Projects/NeutopiaRTracker/NeutopiaRTracker.uproject" 18
"../../../Engine/Plugins/2D/Paper2D/Paper2D.uplugin" 19
"../../../Engine/Plugins/AI/AISupport/AISupport.uplugin" 20
"../../../Engine/Plugins/AI/HTNPlanner/HTNPlanner.uplugin" 21
"../../../Engine/Plugins/Animation/GameplayInsights/GameplayInsights.uplugin" 22
"../../../Engine/Plugins/Animation/LiveLink/LiveLink.uplugin" 23
"../../../Engine/Plugins/Animation/LiveLinkCurveDebugUI/LiveLinkCurveDebugUI.uplugin" 24
"../../../Engine/Plugins/Blendables/LightPropagationVolume/LightPropagationVolume.uplugin" 25
"../../../Engine/Plugins/BlueprintFileUtils/BlueprintFileUtils.uplugin" 26
"../../../Engine/Plugins/Cameras/CameraShakePreviewer/CameraShakePreviewer.uplugin" 27
"../../../Engine/Plugins/Compositing/Composure/Composure.uplugin" 28
"../../../Engine/Plugins/Compositing/LensDistortion/LensDistortion.uplugin" 29
"../../../Engine/Plugins/Compositing/OpenColorIO/OpenColorIO.uplugin" 30
"../../../Engine/Plugins/Compositing/OpenCVLensDistortion/OpenCVLensDistortion.uplugin" 31
"../../../Engine/Plugins/Developer/ActorLayerUtilities/ActorLayerUtilities.uplugin" 32
"../../../Engine/Plugins/Developer/AnimationSharing/AnimationSharing.uplugin" 33
"../../../Engine/Plugins/Developer/BlankPlugin/BlankPlugin.uplugin" 34
"../../../Engine/Plugins/Developer/CLionSourceCodeAccess/CLionSourceCodeAccess.uplugin" 35
"../../../Engine/Plugins/Developer/CodeLiteSourceCodeAccess/CodeLiteSourceCodeAccess.uplugin" 36
"../../../Engine/Plugins/Developer/Concert/ConcertMain/ConcertMain.uplugin" 37
"../../../Engine/Plugins/Developer/Concert/ConcertSync/ConcertSyncClient/ConcertSyncClient.uplugin" 38
"../../../Engine/Plugins/Developer/Concert/ConcertSync/ConcertSyncCore/ConcertSyncCore.uplugin" 39
"../../../Engine/Plugins/Developer/Concert/ConcertSync/ConcertSyncServer/ConcertSyncServer.uplugin" 40
"../../../Engine/Plugins/Developer/Concert/ConcertSync/ConcertSyncTest/ConcertSyncTest.uplugin" 41
"../../../Engine/Plugins/Developer/Concert/DisasterRecoveryClient/DisasterRecoveryClient.uplugin" 42
"../../../Engine/Plugins/Developer/Concert/MultiUserClient/MultiUserClient.uplugin" 43
"../../../Engine/Plugins/Developer/GitSourceControl/GitSourceControl.uplugin" 44
"../../../Engine/Plugins/Developer/KDevelopSourceCodeAccess/KDevelopSourceCodeAccess.uplugin" 45
"../../../Engine/Plugins/Developer/NullSourceCodeAccess/NullSourceCodeAccess.uplugin" 46
"../../../Engine/Plugins/Developer/OneSkyLocalizationService/OneSkyLocalizationService.uplugin" 47
"../../../Engine/Plugins/Developer/PerforceSourceControl/PerforceSourceControl.uplugin" 48
"../../../Engine/Plugins/Developer/PlasticSourceControl/PlasticSourceControl.uplugin" 49
"../../../Engine/Plugins/Developer/RenderDocPlugin/RenderDocPlugin.uplugin" 50
"../../../Engine/Plugins/Developer/RiderSourceCodeAccess/RiderSourceCodeAccess.uplugin" 51
"../../../Engine/Plugins/Developer/SubversionSourceControl/SubversionSourceControl.uplugin" 52
"../../../Engine/Plugins/Developer/TraceDataFiltering/TraceDataFilters.uplugin" 53
"../../../Engine/Plugins/Developer/TraceSourceFiltering/TraceSourceFilters.uplugin" 54
"../../../Engine/Plugins/Developer/UObjectPlugin/UObjectPlugin.uplugin" 55
"../../../Engine/Plugins/Developer/VisualStudioCodeSourceCodeAccess/VisualStudioCodeSourceCodeAccess.uplugin" 56
"../../../Engine/Plugins/Developer/VisualStudioSourceCodeAccess/VisualStudioSourceCodeAccess.uplugin" 57
"../../../Engine/Plugins/Developer/XCodeSourceCodeAccess/XCodeSourceCodeAccess.uplugin" 58
"../../../Engine/Plugins/Editor/AssetManagerEditor/AssetManagerEditor.uplugin" 59
"../../../Engine/Plugins/Editor/BlueprintMaterialTextureNodes/BlueprintMaterialTextureNodes.uplugin" 60
"../../../Engine/Plugins/Editor/CryptoKeys/CryptoKeys.uplugin" 61
"../../../Engine/Plugins/Editor/CurveEditorTools/CurveEditorTools.uplugin" 62
"../../../Engine/Plugins/Editor/DataValidation/DataValidation.uplugin" 63
"../../../Engine/Plugins/Editor/EditorScriptingUtilities/EditorScriptingUtilities.uplugin" 64
"../../../Engine/Plugins/Editor/FacialAnimation/FacialAnimation.uplugin" 65
"../../../Engine/Plugins/Editor/GameplayTagsEditor/GameplayTagsEditor.uplugin" 66
"../../../Engine/Plugins/Editor/GeometryMode/GeometryMode.uplugin" 67
"../../../Engine/Plugins/Editor/GLTFImporter/GLTFImporter.uplugin" 68
"../../../Engine/Plugins/Editor/MacGraphicsSwitching/MacGraphicsSwitching.uplugin" 69
"../../../Engine/Plugins/Editor/MaterialAnalyzer/MaterialAnalyzer.uplugin" 70
"../../../Engine/Plugins/Editor/MeshEditor/MeshEditor.uplugin" 71
"../../../Engine/Plugins/Editor/MobileLauncherProfileWizard/MobileLauncherProfileWizard.uplugin" 72
"../../../Engine/Plugins/Editor/PluginBrowser/PluginBrowser.uplugin" 73
"../../../Engine/Plugins/Editor/SpeedTreeImporter/SpeedTreeImporter.uplugin" 74
"../../../Engine/Plugins/Editor/StylusInput/StylusInput.uplugin" 75
"../../../Engine/Plugins/Enterprise/AxFImporter/AxFImporter.uplugin" 76
"../../../Engine/Plugins/Enterprise/DataprepEditor/DataprepEditor.uplugin" 77
"../../../Engine/Plugins/Enterprise/DatasmithC4DImporter/DatasmithC4DImporter.uplugin" 78
"../../../Engine/Plugins/Enterprise/DatasmithCADImporter/DatasmithCADImporter.uplugin" 79
"../../../Engine/Plugins/Enterprise/DatasmithContent/DatasmithContent.uplugin" 80
"../../../Engine/Plugins/Enterprise/DatasmithFBXImporter/DatasmithFBXImporter.uplugin" 81
"../../../Engine/Plugins/Enterprise/DatasmithGLTFImporter/DatasmithGLTFImporter.uplugin" 82
"../../../Engine/Plugins/Enterprise/DatasmithIFCImporter/DatasmithIFCImporter.uplugin" 83
"../../../Engine/Plugins/Enterprise/DatasmithImporter/DatasmithImporter.uplugin" 84
"../../../Engine/Plugins/Enterprise/LidarPointCloud/LidarPointCloud.uplugin" 85
"../../../Engine/Plugins/Enterprise/MDLImporter/MDLImporter.uplugin" 86
"../../../Engine/Plugins/Enterprise/StaticMeshEditorExtension/StaticMeshEditorExtension.uplugin" 87
"../../../Engine/Plugins/Enterprise/VariantManager/VariantManager.uplugin" 88
"../../../Engine/Plugins/Enterprise/VariantManagerContent/VariantManagerContent.uplugin" 89
"../../../Engine/Plugins/Experimental/AlembicHairImporter/AlembicHairImporter.uplugin" 90
"../../../Engine/Plugins/Experimental/AlembicImporter/AlembicImporter.uplugin" 91
"../../../Engine/Plugins/Experimental/AppleVision/AppleVision.uplugin" 92
"../../../Engine/Plugins/Experimental/AR/PointCloud/PointCloud.uplugin" 93
"../../../Engine/Plugins/Experimental/AutomationUtils/AutomationUtils.uplugin" 94
"../../../Engine/Plugins/Experimental/BackChannel/BackChannel.uplugin" 95
"../../../Engine/Plugins/Experimental/BlastPlugin/BlastPlugin.uplugin" 96
"../../../Engine/Plugins/Experimental/BlueprintStats/BlueprintStats.uplugin" 97
"../../../Engine/Plugins/Experimental/ChaosCloth/ChaosCloth.uplugin" 98
"../../../Engine/Plugins/Experimental/ChaosClothEditor/ChaosClothEditor.uplugin" 99
"../../../Engine/Plugins/Experimental/ChaosEditor/ChaosEditor.uplugin" 100
"../../../Engine/Plugins/Experimental/ChaosNiagara/ChaosNiagara.uplugin" 101
"../../../Engine/Plugins/Experimental/ChaosSolverPlugin/ChaosSolverPlugin.uplugin" 102
"../../../Engine/Plugins/Experimental/CharacterAI/CharacterAI.uplugin" 103
"../../../Engine/Plugins/Experimental/CodeEditor/CodeEditor.uplugin" 104
"../../../Engine/Plugins/Experimental/CodeView/CodeView.uplugin" 105
"../../../Engine/Plugins/Experimental/ControlRig/ControlRig.uplugin" 106
"../../../Engine/Plugins/Experimental/DigitalMultiplex/DMXEngine/DMXEngine.uplugin" 107
"../../../Engine/Plugins/Experimental/DigitalMultiplex/DMXFixtures/DMXFixtures.uplugin" 108
"../../../Engine/Plugins/Experimental/DigitalMultiplex/DMXProtocol/DMXProtocol.uplugin" 109
"../../../Engine/Plugins/Experimental/FieldSystemPlugin/FieldSystemPlugin.uplugin" 110
"../../../Engine/Plugins/Experimental/Gauntlet/Gauntlet.uplugin" 111
"../../../Engine/Plugins/Experimental/GeometryCache/GeometryCache.uplugin" 112
"../../../Engine/Plugins/Experimental/GeometryCacheAbcFile/GeometryCacheAbcFile.uplugin" 113
"../../../Engine/Plugins/Experimental/GeometryCollectionPlugin/GeometryCollectionPlugin.uplugin" 114
"../../../Engine/Plugins/Experimental/GeometryProcessing/GeometryProcessing.uplugin" 115
"../../../Engine/Plugins/Experimental/HairStrands/HairStrands.uplugin" 116
"../../../Engine/Plugins/Experimental/ImagePlate/ImagePlate.uplugin" 117
"../../../Engine/Plugins/Experimental/Landmass/Landmass.uplugin" 118
"../../../Engine/Plugins/Experimental/LiveLinkControlRig/LiveLinkControlRig.uplugin" 119
"../../../Engine/Plugins/Experimental/MeshModelingToolset/MeshModelingToolset.uplugin" 120
"../../../Engine/Plugins/Experimental/ModelingToolsEditorMode/ModelingToolsEditorMode.uplugin" 121
"../../../Engine/Plugins/Experimental/PanoramicCapture/PanoramicCapture.uplugin" 122
"../../../Engine/Plugins/Experimental/PlanarCutPlugin/PlanarCut.uplugin" 123
"../../../Engine/Plugins/Experimental/PlatformCrypto/PlatformCrypto.uplugin" 124
"../../../Engine/Plugins/Experimental/ProxyLODPlugin/ProxyLODPlugin.uplugin" 125
"../../../Engine/Plugins/Experimental/PythonScriptPlugin/PythonScriptPlugin.uplugin" 126
"../../../Engine/Plugins/Experimental/RawInput/RawInput.uplugin" 127
"../../../Engine/Plugins/Experimental/RemoteSession/RemoteSession.uplugin" 128
"../../../Engine/Plugins/Experimental/SampleToolsEditorMode/SampleToolsEditorMode.uplugin" 129
"../../../Engine/Plugins/Experimental/ShallowWater/ShallowWater.uplugin" 130
"../../../Engine/Plugins/Experimental/Shotgun/Shotgun.uplugin" 131
"../../../Engine/Plugins/Experimental/SimpleHMD/SimpleHMD.uplugin" 132
"../../../Engine/Plugins/Experimental/SkeletalReduction/SkeletalReduction.uplugin" 133
"../../../Engine/Plugins/Experimental/Text3D/Text3D.uplugin" 134
"../../../Engine/Plugins/Experimental/VirtualCamera/VirtualCamera.uplugin" 135
"../../../Engine/Plugins/Experimental/VirtualProductionUtilities/VirtualProductionUtilities.uplugin" 136
"../../../Engine/Plugins/Experimental/Volumetrics/Volumetrics.uplugin" 137
"../../../Engine/Plugins/Experimental/WebSocketNetworking/WebSocketNetworking.uplugin" 138
"../../../Engine/Plugins/FX/HoudiniNiagara/HoudiniNiagara.uplugin" 139
"../../../Engine/Plugins/FX/Niagara/Niagara.uplugin" 140
"../../../Engine/Plugins/FX/NiagaraExtras/NiagaraExtras.uplugin" 141
"../../../Engine/Plugins/Importers/Experimental/RemoteImport/RemoteImport.uplugin" 142
"../../../Engine/Plugins/Importers/USDImporter/USDImporter.uplugin" 143
"../../../Engine/Plugins/Lumin/MagicLeap/MagicLeap.uplugin" 144
"../../../Engine/Plugins/Lumin/MagicLeapCamera/MagicLeapCamera.uplugin" 145
"../../../Engine/Plugins/Lumin/MagicLeapConnections/MagicLeapConnections.uplugin" 146
"../../../Engine/Plugins/Lumin/MagicLeapContacts/MagicLeapContacts.uplugin" 147
"../../../Engine/Plugins/Lumin/MagicLeapDispatch/MagicLeapDispatch.uplugin" 148
"../../../Engine/Plugins/Lumin/MagicLeapLightEstimation/MagicLeapLightEstimation.uplugin" 149
"../../../Engine/Plugins/Lumin/MagicLeapLocation/MagicLeapLocation.uplugin" 150
"../../../Engine/Plugins/Lumin/MagicLeapMedia/MagicLeapMedia.uplugin" 151
"../../../Engine/Plugins/Lumin/MagicLeapMovement/MagicLeapMovement.uplugin" 152
"../../../Engine/Plugins/Lumin/MagicLeapMusicService/MagicLeapMusicService.uplugin" 153
"../../../Engine/Plugins/Lumin/MagicLeapNetworking/MagicLeapNetworking.uplugin" 154
"../../../Engine/Plugins/Lumin/MagicLeapPassableWorld/MagicLeapPassableWorld.uplugin" 155
"../../../Engine/Plugins/Lumin/MagicLeapScreens/MagicLeapScreens.uplugin" 156
"../../../Engine/Plugins/Lumin/MagicLeapSharedFile/MagicLeapSharedFile.uplugin" 157
"../../../Engine/Plugins/Lumin/MagicLeapTablet/MagicLeapTablet.uplugin" 158
"../../../Engine/Plugins/Lumin/MLSDK/MLSDK.uplugin" 159
"../../../Engine/Plugins/Media/AjaMedia/AjaMedia.uplugin" 160
"../../../Engine/Plugins/Media/AndroidCamera/AndroidCamera.uplugin" 161
"../../../Engine/Plugins/Media/AndroidMedia/AndroidMedia.uplugin" 162
"../../../Engine/Plugins/Media/AppleProResMedia/AppleProResMedia.uplugin" 163
"../../../Engine/Plugins/Media/AudioCaptureTimecodeProvider/AudioCaptureTimecodeProvider.uplugin" 164
"../../../Engine/Plugins/Media/AvfMedia/AvfMedia.uplugin" 165
"../../../Engine/Plugins/Media/AvidDNxMedia/AvidDNxMedia.uplugin" 166
"../../../Engine/Plugins/Media/BlackmagicMedia/BlackmagicMedia.uplugin" 167
"../../../Engine/Plugins/Media/HAPMedia/HAPMedia.uplugin" 168
"../../../Engine/Plugins/Media/ImgMedia/ImgMedia.uplugin" 169
"../../../Engine/Plugins/Media/LinearTimecode/LinearTimecode.uplugin" 170
"../../../Engine/Plugins/Media/MediaCompositing/MediaCompositing.uplugin" 171
"../../../Engine/Plugins/Media/MediaFrameworkUtilities/MediaFrameworkUtilities.uplugin" 172
"../../../Engine/Plugins/Media/MediaIOFramework/MediaIOFramework.uplugin" 173
"../../../Engine/Plugins/Media/MediaPlayerEditor/MediaPlayerEditor.uplugin" 174
"../../../Engine/Plugins/Media/MfMedia/MfMedia.uplugin" 175
"../../../Engine/Plugins/Media/PixelStreaming/PixelStreaming.uplugin" 176
"../../../Engine/Plugins/Media/TimecodeSynchronizer/TimecodeSynchronizer.uplugin" 177
"../../../Engine/Plugins/Media/WebMMedia/WebMMedia.uplugin" 178
"../../../Engine/Plugins/Media/WmfMedia/WmfMedia.uplugin" 179
"../../../Engine/Plugins/MeshPainting/MeshPainting.uplugin" 180
"../../../Engine/Plugins/Messaging/MessagingDebugger/MessagingDebugger.uplugin" 181
"../../../Engine/Plugins/Messaging/TcpMessaging/TcpMessaging.uplugin" 182
"../../../Engine/Plugins/Messaging/UdpMessaging/UdpMessaging.uplugin" 183
"../../../Engine/Plugins/MovieScene/ActorSequence/ActorSequence.uplugin" 184
"../../../Engine/Plugins/MovieScene/LevelSequenceEditor/LevelSequenceEditor.uplugin" 185
"../../../Engine/Plugins/MovieScene/MatineeToLevelSequence/MatineeToLevelSequence.uplugin" 186
"../../../Engine/Plugins/MovieScene/MovieRenderPipeline/MovieRenderPipeline.uplugin" 187
"../../../Engine/Plugins/MovieScene/SequencerScripting/SequencerScripting.uplugin" 188
"../../../Engine/Plugins/MovieScene/TemplateSequence/TemplateSequence.uplugin" 189
"../../../Engine/Plugins/NetcodeUnitTest/NetcodeUnitTest/NetcodeUnitTest.uplugin" 190
"../../../Engine/Plugins/NetcodeUnitTest/NUTUnrealEngine4/NUTUnrealEngine4.uplugin" 191
"../../../Engine/Plugins/Online/Android/OnlineSubsystemGameCircle/OnlineSubsystemGameCircle.uplugin" 192
"../../../Engine/Plugins/Online/Android/OnlineSubsystemGooglePlay/OnlineSubsystemGooglePlay.uplugin" 193
"../../../Engine/Plugins/Online/IOS/OnlineSubsystemIOS/OnlineSubsystemIOS.uplugin" 194
"../../../Engine/Plugins/Online/OnlineFramework/OnlineFramework.uplugin" 195
"../../../Engine/Plugins/Online/OnlineSubsystem/OnlineSubsystem.uplugin" 196
"../../../Engine/Plugins/Online/OnlineSubsystemAmazon/OnlineSubsystemAmazon.uplugin" 197
"../../../Engine/Plugins/Online/OnlineSubsystemFacebook/OnlineSubsystemFacebook.uplugin" 198
"../../../Engine/Plugins/Online/OnlineSubsystemGoogle/OnlineSubsystemGoogle.uplugin" 199
"../../../Engine/Plugins/Online/OnlineSubsystemNull/OnlineSubsystemNull.uplugin" 200
"../../../Engine/Plugins/Online/OnlineSubsystemOculus/OnlineSubsystemOculus.uplugin" 201
"../../../Engine/Plugins/Online/OnlineSubsystemSteam/OnlineSubsystemSteam.uplugin" 202
"../../../Engine/Plugins/Online/OnlineSubsystemTencent/OnlineSubsystemTencent.uplugin" 203
"../../../Engine/Plugins/Online/OnlineSubsystemTwitch/OnlineSubsystemTwitch.uplugin" 204
"../../../Engine/Plugins/Online/OnlineSubsystemUtils/OnlineSubsystemUtils.uplugin" 205
"../../../Engine/Plugins/Online/VoiceChat/VivoxVoiceChat/VivoxVoiceChat.uplugin" 206
"../../../Engine/Plugins/Online/VoiceChat/VoiceChat/VoiceChat.uplugin" 207
"../../../Engine/Plugins/Online/WebAuth/WebAuth.uplugin" 208
"../../../Engine/Plugins/Performance/PerformanceMonitor/PerformanceMonitor.uplugin" 209
"../../../Engine/Plugins/Portal/LauncherChunkInstaller/LauncherChunkInstaller.uplugin" 210
"../../../Engine/Plugins/Runtime/Advertising/IOSTapJoy/IOSTapJoy.uplugin" 211
"../../../Engine/Plugins/Runtime/Analytics/Adjust/Adjust.uplugin" 212
"../../../Engine/Plugins/Runtime/Analytics/AnalyticsBlueprintLibrary/AnalyticsBlueprintLibrary.uplugin" 213
"../../../Engine/Plugins/Runtime/Analytics/AnalyticsMulticast/AnalyticsMulticast.uplugin" 214
"../../../Engine/Plugins/Runtime/Analytics/Apsalar/Apsalar.uplugin" 215
"../../../Engine/Plugins/Runtime/Analytics/FileLogging/FileLogging.uplugin" 216
"../../../Engine/Plugins/Runtime/Analytics/Flurry/Flurry.uplugin" 217
"../../../Engine/Plugins/Runtime/AndroidDeviceProfileSelector/AndroidDeviceProfileSelector.uplugin" 218
"../../../Engine/Plugins/Runtime/AndroidMoviePlayer/AndroidMoviePlayer.uplugin" 219
"../../../Engine/Plugins/Runtime/AndroidPermission/AndroidPermission.uplugin" 220
"../../../Engine/Plugins/Runtime/AnimationBudgetAllocator/AnimationBudgetAllocator.uplugin" 221
"../../../Engine/Plugins/Runtime/AnimDistanceMatching/AnimDistanceMatching.uplugin" 222
"../../../Engine/Plugins/Runtime/ApexDestruction/ApexDestruction.uplugin" 223
"../../../Engine/Plugins/Runtime/AppleImageUtils/AppleImageUtils.uplugin" 224
"../../../Engine/Plugins/Runtime/AppleMoviePlayer/AppleMoviePlayer.uplugin" 225
"../../../Engine/Plugins/Runtime/AR/Apple/AppleARKit/AppleARKit.uplugin" 226
"../../../Engine/Plugins/Runtime/AR/Apple/AppleARKitFaceSupport/AppleARKitFaceSupport.uplugin" 227
"../../../Engine/Plugins/Runtime/AR/Google/GoogleARCore/GoogleARCore.uplugin" 228
"../../../Engine/Plugins/Runtime/AR/Google/GoogleARCoreServices/GoogleARCoreServices.uplugin" 229
"../../../Engine/Plugins/Runtime/AR/Microsoft/AzureSpatialAnchors/AzureSpatialAnchors.uplugin" 230
"../../../Engine/Plugins/Runtime/AR/Microsoft/AzureSpatialAnchorsForWMR/AzureSpatialAnchorsForWMR.uplugin" 231
"../../../Engine/Plugins/Runtime/AR/Microsoft/HoloLensAR/HoloLensAR.uplugin" 232
"../../../Engine/Plugins/Runtime/ArchVisCharacter/ArchVisCharacter.uplugin" 233
"../../../Engine/Plugins/Runtime/AssetTags/AssetTags.uplugin" 234
"../../../Engine/Plugins/Runtime/AudioCapture/AudioCapture.uplugin" 235
"../../../Engine/Plugins/Runtime/AudioModulation/AudioModulation.uplugin" 236
"../../../Engine/Plugins/Runtime/AudioSynesthesia/AudioSynesthesia.uplugin" 237
"../../../Engine/Plugins/Runtime/CableComponent/CableComponent.uplugin" 238
"../../../Engine/Plugins/Runtime/CustomMeshComponent/CustomMeshComponent.uplugin" 239
"../../../Engine/Plugins/Runtime/Database/ADOSupport/ADOSupport.uplugin" 240
"../../../Engine/Plugins/Runtime/Database/DatabaseSupport/DatabaseSupport.uplugin" 241
"../../../Engine/Plugins/Runtime/Database/RemoteDatabaseSupport/RemoteDatabaseSupport.uplugin" 242
"../../../Engine/Plugins/Runtime/Database/SQLiteCore/SQLiteCore.uplugin" 243
"../../../Engine/Plugins/Runtime/Database/SQLiteSupport/SQLiteSupport.uplugin" 244
"../../../Engine/Plugins/Runtime/EditableMesh/EditableMesh.uplugin" 245
"../../../Engine/Plugins/Runtime/ExampleDeviceProfileSelector/ExampleDeviceProfileSelector.uplugin" 246
"../../../Engine/Plugins/Runtime/Firebase/Firebase.uplugin" 247
"../../../Engine/Plugins/Runtime/GameplayAbilities/GameplayAbilities.uplugin" 248
"../../../Engine/Plugins/Runtime/GoogleCloudMessaging/GoogleCloudMessaging.uplugin" 249
"../../../Engine/Plugins/Runtime/GooglePAD/GooglePAD.uplugin" 250
"../../../Engine/Plugins/Runtime/GoogleVR/GoogleVRController/GoogleVRController.uplugin" 251
"../../../Engine/Plugins/Runtime/GoogleVR/GoogleVRHMD/GoogleVRHMD.uplugin" 252
"../../../Engine/Plugins/Runtime/GoogleVR/GoogleVRTransition2D/GoogleVRTransition2D.uplugin" 253
"../../../Engine/Plugins/Runtime/HDRIBackdrop/HDRIBackdrop.uplugin" 254
"../../../Engine/Plugins/Runtime/HTTPChunkInstaller/HTTPChunkInstaller.uplugin" 255
"../../../Engine/Plugins/Runtime/IOSDeviceProfileSelector/IOSDeviceProfileSelector.uplugin" 256
"../../../Engine/Plugins/Runtime/IOSReplayKit/IOSReplayKit.uplugin" 257
"../../../Engine/Plugins/Runtime/LinuxDeviceProfileSelector/LinuxDeviceProfileSelector.uplugin" 258
"../../../Engine/Plugins/Runtime/LiveLinkOvernDisplay/LiveLinkOverNDisplay.uplugin" 259
"../../../Engine/Plugins/Runtime/LocationServicesAndroidImpl/LocationServicesAndroidImpl.uplugin" 260
"../../../Engine/Plugins/Runtime/LocationServicesBPLibrary/LocationServicesBPLibrary.uplugin" 261
"../../../Engine/Plugins/Runtime/LocationServicesIOSImpl/LocationServicesIOSImpl.uplugin" 262
"../../../Engine/Plugins/Runtime/MeshReconstruction/DummyMeshReconstructor/DummyMeshReconstructor.uplugin" 263
"../../../Engine/Plugins/Runtime/MicrosoftSpatialAudio/MicroSoftSpatialSound.uplugin" 264
"../../../Engine/Plugins/Runtime/MIDIDevice/MIDIDevice.uplugin" 265
"../../../Engine/Plugins/Runtime/MixedRealityCaptureFramework/MixedRealityCaptureFramework.uplugin" 266
"../../../Engine/Plugins/Runtime/MobilePatchingUtils/MobilePatchingUtils.uplugin" 267
"../../../Engine/Plugins/Runtime/nDisplay/nDisplay.uplugin" 268
"../../../Engine/Plugins/Runtime/NetworkPrediction/NetworkPrediction.uplugin" 269
"../../../Engine/Plugins/Runtime/NetworkPredictionExtras/NetworkPredictionExtras.uplugin" 270
"../../../Engine/Plugins/Runtime/Nvidia/Ansel/Ansel.uplugin" 271
"../../../Engine/Plugins/Runtime/Oculus/OculusAudio/OculusAudio.uplugin" 272
"../../../Engine/Plugins/Runtime/Oculus/OculusAvatar/OculusAvatar.uplugin" 273
"../../../Engine/Plugins/Runtime/Oculus/OculusVR/OculusVR.uplugin" 274
"../../../Engine/Plugins/Runtime/OpenXR/OpenXR.uplugin" 275
"../../../Engine/Plugins/Runtime/OptionalMobileFeaturesBPLibrary/OptionalMobileFeaturesBPLibrary.uplugin" 276
"../../../Engine/Plugins/Runtime/OSC/OSC.uplugin" 277
"../../../Engine/Plugins/Runtime/PacketHandlers/AESGCMHandlerComponent/AESGCMHandlerComponent.uplugin" 278
"../../../Engine/Plugins/Runtime/PacketHandlers/AESHandlerComponent/AESHandlerComponent.uplugin" 279
"../../../Engine/Plugins/Runtime/PacketHandlers/DTLSHandlerComponent/DTLSHandlerComponent.uplugin" 280
"../../../Engine/Plugins/Runtime/PhysXVehicles/PhysXVehicles.uplugin" 281
"../../../Engine/Plugins/Runtime/PostSplashScreen/PostSplashScreen.uplugin" 282
"../../../Engine/Plugins/Runtime/PreLoadScreenMoviePlayer/PreLoadScreenMoviePlayer.uplugin" 283
"../../../Engine/Plugins/Runtime/ProceduralMeshComponent/ProceduralMeshComponent.uplugin" 284
"../../../Engine/Plugins/Runtime/ReplicationGraph/ReplicationGraph.uplugin" 285
"../../../Engine/Plugins/Runtime/ResonanceAudio/ResonanceAudio.uplugin" 286
"../../../Engine/Plugins/Runtime/RuntimePhysXCooking/RuntimePhysXCooking.uplugin" 287
"../../../Engine/Plugins/Runtime/SignificanceManager/SignificanceManager.uplugin" 288
"../../../Engine/Plugins/Runtime/SoundCueTemplates/SoundCueTemplates.uplugin" 289
"../../../Engine/Plugins/Runtime/SoundFields/SoundFields.uplugin" 290
"../../../Engine/Plugins/Runtime/SoundMod/SoundMod.uplugin" 291
"../../../Engine/Plugins/Runtime/SoundUtilities/SoundUtilities.uplugin" 292
"../../../Engine/Plugins/Runtime/SoundVisualizations/SoundVisualizations.uplugin" 293
"../../../Engine/Plugins/Runtime/Spatialization/Spatialization.uplugin" 294
"../../../Engine/Plugins/Runtime/Steam/SteamAudio/SteamAudio.uplugin" 295
"../../../Engine/Plugins/Runtime/Steam/SteamController/SteamController.uplugin" 296
"../../../Engine/Plugins/Runtime/Steam/SteamShared/SteamShared.uplugin" 297
"../../../Engine/Plugins/Runtime/Steam/SteamSockets/SteamSockets.uplugin" 298
"../../../Engine/Plugins/Runtime/Steam/SteamVR/SteamVR.uplugin" 299
"../../../Engine/Plugins/Runtime/SunPosition/SunPosition.uplugin" 300
"../../../Engine/Plugins/Runtime/Synthesis/Synthesis.uplugin" 301
"../../../Engine/Plugins/Runtime/TimeSynth/TimeSynth.uplugin" 302
"../../../Engine/Plugins/Runtime/WarpUtils/WarpUtils.uplugin" 303
"../../../Engine/Plugins/Runtime/WebBrowserNativeProxy/WebBrowserNativeProxy.uplugin" 304
"../../../Engine/Plugins/Runtime/WebBrowserWidget/WebBrowserWidget.uplugin" 305
"../../../Engine/Plugins/Runtime/WebMMoviePlayer/WebMMoviePlayer.uplugin" 306
"../../../Engine/Plugins/Runtime/WindowsDeviceProfileSelector/WindowsDeviceProfileSelector.uplugin" 307
"../../../Engine/Plugins/Runtime/WindowsMixedReality/WindowsMixedReality.uplugin" 308
"../../../Engine/Plugins/Runtime/WindowsMoviePlayer/WindowsMoviePlayer.uplugin" 309
"../../../Engine/Plugins/ScriptPlugin/ScriptPlugin.uplugin" 310
"../../../Engine/Plugins/Slate/SlateRemote/SlateRemote.uplugin" 311
"../../../Engine/Plugins/Tests/EditorTests/EditorTests.uplugin" 312
"../../../Engine/Plugins/Tests/FbxAutomationTestBuilder/FbxAutomationTestBuilder.uplugin" 313
"../../../Engine/Plugins/Tests/FunctionalTestingEditor/FunctionalTestingEditor.uplugin" 314
"../../../Engine/Plugins/Tests/PythonAutomationTest/PythonAutomationTest.uplugin" 315
"../../../Engine/Plugins/Tests/RuntimeTests/RuntimeTests.uplugin" 316
"../../../Engine/Plugins/Tests/ScreenshotTools/ScreenshotTools.uplugin" 317
"../../../Engine/Plugins/VirtualProduction/CompositePlane/CompositePlane.uplugin" 318
"../../../Engine/Plugins/VirtualProduction/DataCharts/DataCharts.uplugin" 319
"../../../Engine/Plugins/VirtualProduction/RemoteControl/RemoteControl.uplugin" 320
"../../../Engine/Plugins/VirtualProduction/Takes/Takes.uplugin" 321
"../../../Engine/Plugins/VirtualProduction/TimedDataMonitor/TimedDataMonitor.uplugin" 322
"../../../Engine/Content/Internationalization/icudt64l/cnvalias.icu" 323
"../../../Engine/Content/Internationalization/icudt64l/res_index.res" 324
"../../../Engine/Content/Internationalization/icudt64l/plurals.res" 325
"../../../Engine/Content/Internationalization/icudt64l/lang/pt.res" 326
"../../../Engine/Content/Internationalization/icudt64l/lang/pool.res" 327
"../../../Engine/Content/Internationalization/icudt64l/lang/root.res" 328
"../../../Engine/Content/Internationalization/icudt64l/region/pt.res" 329
"../../../Engine/Content/Internationalization/icudt64l/region/pool.res" 330
"../../../Engine/Content/Internationalization/icudt64l/region/root.res" 331
"../../../Engine/Content/Internationalization/icudt64l/lang/en.res" 332
"../../../Engine/Content/Internationalization/icudt64l/region/en.res" 333
"../../../Engine/Content/Internationalization/icudt64l/windowsZones.res" 334
"../../../Engine/Content/Internationalization/icudt64l/zoneinfo64.res" 335
"../../../Engine/Content/Internationalization/icudt64l/keyTypeData.res" 336
"../../../Engine/Content/Internationalization/icudt64l/timezoneTypes.res" 337
"../../../Engine/Content/Internationalization/icudt64l/likelySubtags.res" 338
"../../../Engine/Content/Internationalization/icudt64l/pt_BR.res" 339
"../../../Engine/Content/Internationalization/icudt64l/pool.res" 340
"../../../Engine/Content/Internationalization/icudt64l/pt.res" 341
"../../../Engine/Content/Internationalization/icudt64l/root.res" 342
"../../../Engine/Content/Internationalization/icudt64l/supplementalData.res" 343
"C:/Users/jmarc/AppData/Local/UnrealEngine/4.25/Saved/Config/Windows/Manifest.ini" 344
"../../../Engine/Config/BaseGame.ini" 345
"C:/Unreal Projects/NeutopiaRTracker/Config/DefaultGame.ini" 346
"../../../Engine/Config/Windows/WindowsGame.ini" 347
"C:/Unreal Projects/NeutopiaRTracker/Saved/Config/Windows/Game.ini" 348
"../../../Engine/Config/BaseInput.ini" 349
"C:/Unreal Projects/NeutopiaRTracker/Config/DefaultInput.ini" 350
"C:/Unreal Projects/NeutopiaRTracker/Saved/Config/Windows/Input.ini" 351
"../../../Engine/Config/BaseEditor.ini" 352
"C:/Unreal Projects/NeutopiaRTracker/Config/DefaultEditor.ini" 353
"C:/Unreal Projects/NeutopiaRTracker/Saved/Config/Windows/Editor.ini" 354
"../../../Engine/Config/BaseEditorPerProjectUserSettings.ini" 355
"C:/Unreal Projects/NeutopiaRTracker/Saved/Config/Windows/EditorPerProjectUserSettings.ini" 356
"../../../Engine/Config/BaseEditorSettings.ini" 357
"C:/Users/jmarc/AppData/Local/UnrealEngine/4.25/Saved/Config/Windows/EditorSettings.ini" 358
"../../../Engine/Config/BaseEditorKeyBindings.ini" 359
"C:/Users/jmarc/AppData/Local/UnrealEngine/4.25/Saved/Config/Windows/EditorKeyBindings.ini" 360
"C:/Users/jmarc/AppData/Local/UnrealEngine/4.25/Saved/Config/Windows/EditorLayout.ini" 361
"../../../Engine/Config/BaseCompat.ini" 362
"C:/Unreal Projects/NeutopiaRTracker/Saved/Config/Windows/Compat.ini" 363
"../../../Engine/Config/BaseLightmass.ini" 364
"C:/Unreal Projects/NeutopiaRTracker/Saved/Config/Windows/Lightmass.ini" 365
"../../../Engine/Config/BaseScalability.ini" 366
"C:/Unreal Projects/NeutopiaRTracker/Saved/Config/Windows/Scalability.ini" 367
"../../../Engine/Config/BaseHardware.ini" 368
"C:/Unreal Projects/NeutopiaRTracker/Saved/Config/Windows/Hardware.ini" 369
"../../../Engine/Config/BaseRuntimeOptions.ini" 370
"C:/Unreal Projects/NeutopiaRTracker/Saved/Config/Windows/RuntimeOptions.ini" 371
"../../../Engine/Config/BaseInstallBundle.ini" 372
"../../../Engine/Config/BaseDeviceProfiles.ini" 373
"C:/Unreal Projects/NeutopiaRTracker/Saved/Config/Windows/DeviceProfiles.ini" 374
"../../../Engine/Config/BaseGameUserSettings.ini" 375
"C:/Unreal Projects/NeutopiaRTracker/Saved/Config/Windows/GameUserSettings.ini" 376
"../../../Engine/Plugins/2D/Paper2D/Config/BasePaper2D.ini" 377
"C:/Unreal Projects/NeutopiaRTracker/Saved/Config/Windows/Paper2D.ini" 378
"../../../Engine/Plugins/Editor/EditorScriptingUtilities/Config/BaseEditorScriptingUtilities.ini" 379
"C:/Unreal Projects/NeutopiaRTracker/Saved/Config/Windows/EditorScriptingUtilities.ini" 380
"../../../Engine/Plugins/Enterprise/VariantManagerContent/Config/BaseVariantManagerContent.ini" 381
"C:/Unreal Projects/NeutopiaRTracker/Saved/Config/Windows/VariantManagerContent.ini" 382
"../../../Engine/Plugins/FX/Niagara/Config/BaseNiagara.ini" 383
"C:/Unreal Projects/NeutopiaRTracker/Saved/Config/Windows/Niagara.ini" 384
"../../../Engine/Plugins/Lumin/MagicLeap/Config/BaseMagicLeap.ini" 385
"C:/Unreal Projects/NeutopiaRTracker/Saved/Config/Windows/MagicLeap.ini" 386
"../../../Engine/Plugins/Lumin/MagicLeapLightEstimation/Config/BaseMagicLeapLightEstimation.ini" 387
"C:/Unreal Projects/NeutopiaRTracker/Saved/Config/Windows/MagicLeapLightEstimation.ini" 388
"../../../Engine/Plugins/Runtime/Oculus/OculusVR/Config/BaseOculusVR.ini" 389
"C:/Unreal Projects/NeutopiaRTracker/Saved/Config/Windows/OculusVR.ini" 390
"../../../Engine/Plugins/Runtime/PhysXVehicles/Config/BasePhysXVehicles.ini" 391
"C:/Unreal Projects/NeutopiaRTracker/Saved/Config/Windows/PhysXVehicles.ini" 392
"../../../Engine/Plugins/Runtime/PostSplashScreen/Config/BasePostSplashScreen.ini" 393
"C:/Unreal Projects/NeutopiaRTracker/Saved/Config/Windows/PostSplashScreen.ini" 394
"../../../Engine/Plugins/Runtime/Synthesis/Config/BaseSynthesis.ini" 395
"C:/Unreal Projects/NeutopiaRTracker/Saved/Config/Windows/Synthesis.ini" 396
"../../../Engine/Plugins/2D/Paper2D/Binaries/Win64/UE4Editor.modules" 397
"../../../Engine/Plugins/AI/AISupport/Binaries/Win64/UE4Editor.modules" 398
"../../../Engine/Plugins/Blendables/LightPropagationVolume/Binaries/Win64/UE4Editor.modules" 399
"../../../Engine/Plugins/Cameras/CameraShakePreviewer/Binaries/Win64/UE4Editor.modules" 400
"../../../Engine/Plugins/Developer/ActorLayerUtilities/Binaries/Win64/UE4Editor.modules" 401
"../../../Engine/Plugins/Developer/AnimationSharing/Binaries/Win64/UE4Editor.modules" 402
"../../../Engine/Plugins/Runtime/SignificanceManager/Binaries/Win64/UE4Editor.modules" 403
"../../../Engine/Plugins/Developer/CLionSourceCodeAccess/Binaries/Win64/UE4Editor.modules" 404
"../../../Engine/Plugins/Developer/GitSourceControl/Binaries/Win64/UE4Editor.modules" 405
"../../../Engine/Plugins/Developer/PerforceSourceControl/Binaries/Win64/UE4Editor.modules" 406
"../../../Engine/Plugins/Developer/PlasticSourceControl/Binaries/Win64/UE4Editor.modules" 407
"../../../Engine/Plugins/Developer/RiderSourceCodeAccess/Binaries/Win64/UE4Editor.modules" 408
"../../../Engine/Plugins/Developer/SubversionSourceControl/Binaries/Win64/UE4Editor.modules" 409
"../../../Engine/Plugins/Developer/UObjectPlugin/Binaries/Win64/UE4Editor.modules" 410
"../../../Engine/Plugins/Developer/VisualStudioCodeSourceCodeAccess/Binaries/Win64/UE4Editor.modules" 411
"../../../Engine/Plugins/Developer/VisualStudioSourceCodeAccess/Binaries/Win64/UE4Editor.modules" 412
"../../../Engine/Plugins/Editor/AssetManagerEditor/Binaries/Win64/UE4Editor.modules" 413
"../../../Engine/Plugins/Editor/CryptoKeys/Binaries/Win64/UE4Editor.modules" 414
"../../../Engine/Plugins/Editor/CurveEditorTools/Binaries/Win64/UE4Editor.modules" 415
"../../../Engine/Plugins/Editor/DataValidation/Binaries/Win64/UE4Editor.modules" 416
"../../../Engine/Plugins/Editor/FacialAnimation/Binaries/Win64/UE4Editor.modules" 417
"../../../Engine/Plugins/Editor/GameplayTagsEditor/Binaries/Win64/UE4Editor.modules" 418
"../../../Engine/Plugins/Editor/GeometryMode/Binaries/Win64/UE4Editor.modules" 419
"../../../Engine/Plugins/Editor/MaterialAnalyzer/Binaries/Win64/UE4Editor.modules" 420
"../../../Engine/Plugins/Editor/MobileLauncherProfileWizard/Binaries/Win64/UE4Editor.modules" 421
"../../../Engine/Plugins/Editor/PluginBrowser/Binaries/Win64/UE4Editor.modules" 422
"../../../Engine/Plugins/Editor/SpeedTreeImporter/Binaries/Win64/UE4Editor.modules" 423
"../../../Engine/Plugins/Enterprise/DatasmithContent/Binaries/Win64/UE4Editor.modules" 424
"../../../Engine/Plugins/Enterprise/VariantManagerContent/Binaries/Win64/UE4Editor.modules" 425
"../../../Engine/Plugins/Experimental/AlembicImporter/Binaries/Win64/UE4Editor.modules" 426
"../../../Engine/Plugins/Experimental/GeometryCache/Binaries/Win64/UE4Editor.modules" 427
"../../../Engine/Plugins/Experimental/AutomationUtils/Binaries/Win64/UE4Editor.modules" 428
"../../../Engine/Plugins/Tests/ScreenshotTools/Binaries/Win64/UE4Editor.modules" 429
"../../../Engine/Plugins/Experimental/BackChannel/Binaries/Win64/UE4Editor.modules" 430
"../../../Engine/Plugins/Experimental/ChaosCloth/Binaries/Win64/UE4Editor.modules" 431
"../../../Engine/Plugins/Experimental/ChaosClothEditor/Binaries/Win64/UE4Editor.modules" 432
"../../../Engine/Plugins/Experimental/ChaosEditor/Binaries/Win64/UE4Editor.modules" 433
"../../../Engine/Plugins/Experimental/PlanarCutPlugin/Binaries/Win64/UE4Editor.modules" 434
"../../../Engine/Plugins/Runtime/EditableMesh/Binaries/Win64/UE4Editor.modules" 435
"../../../Engine/Plugins/Experimental/GeometryCollectionPlugin/Binaries/Win64/UE4Editor.modules" 436
"../../../Engine/Plugins/Experimental/GeometryProcessing/Binaries/Win64/UE4Editor.modules" 437
"../../../Engine/Plugins/Runtime/ProceduralMeshComponent/Binaries/Win64/UE4Editor.modules" 438
"../../../Engine/Plugins/Experimental/ChaosSolverPlugin/Binaries/Win64/UE4Editor.modules" 439
"../../../Engine/Plugins/Experimental/ChaosNiagara/Binaries/Win64/UE4Editor.modules" 440
"../../../Engine/Plugins/FX/Niagara/Binaries/Win64/UE4Editor.modules" 441
"../../../Engine/Plugins/Experimental/CharacterAI/Binaries/Win64/UE4Editor.modules" 442
"../../../Engine/Plugins/Experimental/PlatformCrypto/Binaries/Win64/UE4Editor.modules" 443
"../../../Engine/Plugins/Experimental/ProxyLODPlugin/Binaries/Win64/UE4Editor.modules" 444
"../../../Engine/Plugins/Experimental/SkeletalReduction/Binaries/Win64/UE4Editor.modules" 445
"../../../Engine/Plugins/Lumin/MagicLeap/Binaries/Win64/UE4Editor.modules" 446
"../../../Engine/Plugins/Lumin/MagicLeapPassableWorld/Binaries/Win64/UE4Editor.modules" 447
"../../../Engine/Plugins/Lumin/MagicLeapLightEstimation/Binaries/Win64/UE4Editor.modules" 448
"../../../Engine/Plugins/Lumin/MagicLeapMedia/Binaries/Win64/UE4Editor.modules" 449
"../../../Engine/Plugins/Media/AndroidMedia/Binaries/Win64/UE4Editor.modules" 450
"../../../Engine/Plugins/Media/AvfMedia/Binaries/Win64/UE4Editor.modules" 451
"../../../Engine/Plugins/Media/ImgMedia/Binaries/Win64/UE4Editor.modules" 452
"../../../Engine/Plugins/Media/MediaCompositing/Binaries/Win64/UE4Editor.modules" 453
"../../../Engine/Plugins/Media/MediaPlayerEditor/Binaries/Win64/UE4Editor.modules" 454
"../../../Engine/Plugins/Media/WmfMedia/Binaries/Win64/UE4Editor.modules" 455
"../../../Engine/Plugins/MeshPainting/Binaries/Win64/UE4Editor.modules" 456
"../../../Engine/Plugins/Messaging/TcpMessaging/Binaries/Win64/UE4Editor.modules" 457
"../../../Engine/Plugins/Messaging/UdpMessaging/Binaries/Win64/UE4Editor.modules" 458
"../../../Engine/Plugins/MovieScene/ActorSequence/Binaries/Win64/UE4Editor.modules" 459
"../../../Engine/Plugins/MovieScene/LevelSequenceEditor/Binaries/Win64/UE4Editor.modules" 460
"../../../Engine/Plugins/MovieScene/MatineeToLevelSequence/Binaries/Win64/UE4Editor.modules" 461
"../../../Engine/Plugins/MovieScene/TemplateSequence/Binaries/Win64/UE4Editor.modules" 462
"../../../Engine/Plugins/MovieScene/MovieRenderPipeline/Binaries/Win64/UE4Editor.modules" 463
"../../../Engine/Plugins/Editor/EditorScriptingUtilities/Binaries/Win64/UE4Editor.modules" 464
"../../../Engine/Plugins/NetcodeUnitTest/NetcodeUnitTest/Binaries/Win64/UE4Editor.modules" 465
"../../../Engine/Plugins/NetcodeUnitTest/NUTUnrealEngine4/Binaries/Win64/UE4Editor.modules" 466
"../../../Engine/Plugins/Online/OnlineSubsystem/Binaries/Win64/UE4Editor.modules" 467
"../../../Engine/Plugins/Runtime/AndroidPermission/Binaries/Win64/UE4Editor.modules" 468
"../../../Engine/Plugins/Online/OnlineSubsystemNull/Binaries/Win64/UE4Editor.modules" 469
"../../../Engine/Plugins/Online/OnlineSubsystemUtils/Binaries/Win64/UE4Editor.modules" 470
"../../../Engine/Plugins/Portal/LauncherChunkInstaller/Binaries/Win64/UE4Editor.modules" 471
"../../../Engine/Plugins/Runtime/AndroidDeviceProfileSelector/Binaries/Win64/UE4Editor.modules" 472
"../../../Engine/Plugins/Runtime/AppleImageUtils/Binaries/Win64/UE4Editor.modules" 473
"../../../Engine/Plugins/Runtime/ArchVisCharacter/Binaries/Win64/UE4Editor.modules" 474
"../../../Engine/Plugins/Runtime/AssetTags/Binaries/Win64/UE4Editor.modules" 475
"../../../Engine/Plugins/Runtime/AudioCapture/Binaries/Win64/UE4Editor.modules" 476
"../../../Engine/Plugins/Runtime/CableComponent/Binaries/Win64/UE4Editor.modules" 477
"../../../Engine/Plugins/Runtime/CustomMeshComponent/Binaries/Win64/UE4Editor.modules" 478
"../../../Engine/Plugins/Runtime/ExampleDeviceProfileSelector/Binaries/Win64/UE4Editor.modules" 479
"../../../Engine/Plugins/Runtime/GooglePAD/Binaries/Win64/UE4Editor.modules" 480
"../../../Engine/Plugins/Runtime/LocationServicesBPLibrary/Binaries/Win64/UE4Editor.modules" 481
"../../../Engine/Plugins/Runtime/MobilePatchingUtils/Binaries/Win64/UE4Editor.modules" 482
"../../../Engine/Plugins/Runtime/Oculus/OculusVR/Binaries/Win64/UE4Editor.modules" 483
"../../../Engine/Plugins/Runtime/PhysXVehicles/Binaries/Win64/UE4Editor.modules" 484
"../../../Engine/Plugins/Runtime/RuntimePhysXCooking/Binaries/Win64/UE4Editor.modules" 485
"../../../Engine/Plugins/Runtime/SoundFields/Binaries/Win64/UE4Editor.modules" 486
"../../../Engine/Plugins/Runtime/Steam/SteamVR/Binaries/Win64/UE4Editor.modules" 487
"../../../Engine/Plugins/Runtime/Synthesis/Binaries/Win64/UE4Editor.modules" 488
"../../../Engine/Plugins/Runtime/WebMMoviePlayer/Binaries/Win64/UE4Editor.modules" 489
"../../../Engine/Plugins/Media/WebMMedia/Binaries/Win64/UE4Editor.modules" 490
"../../../Engine/Plugins/Runtime/WindowsMoviePlayer/Binaries/Win64/UE4Editor.modules" 491
"../../../Engine/Content/Certificates/ThirdParty/cacert.pem" 492
"../../../Engine/Config/ConsoleVariables.ini" 493
"../../../Engine/Binaries/Win64/Android/UE4Editor.modules" 494
"../../../Engine/Binaries/Win64/IOS/UE4Editor.modules" 495
"../../../Engine/Binaries/Win64/Linux/UE4Editor.modules" 496
"../../../Engine/Binaries/Win64/Lumin/UE4Editor.modules" 497
"../../../Engine/Config/IOS/BaseIOSEngine.ini" 498
"../../../Engine/Config/IOS/IOSEngine.ini" 499
"../../../Engine/Config/Unix/UnixEngine.ini" 500
"../../../Engine/Config/Linux/LinuxEngine.ini" 501
"../../../Engine/Config/Lumin/LuminEngine.ini" 502
"../../../Engine/Config/TVOS/TVOSEngine.ini" 503
"../../../Engine/Content/Localization/Editor/en/Editor.locres" 504
"../../../Engine/Content/Localization/EditorTutorials/en/EditorTutorials.locres" 505
"../../../Engine/Content/Localization/Keywords/en/Keywords.locres" 506
"../../../Engine/Content/Localization/Category/en/Category.locres" 507
"../../../Engine/Content/Localization/ToolTips/en/ToolTips.locres" 508
"../../../Engine/Content/Localization/PropertyNames/en/PropertyNames.locres" 509
"../../../Engine/Content/Localization/Engine/en/Engine.locres" 510
"../../../Engine/Plugins/Online/Android/OnlineSubsystemGooglePlay/Content/Localization/OnlineSubsystemGooglePlay/en/OnlineSubsystemGooglePlay.locres" 511
"../../../Engine/Plugins/Online/IOS/OnlineSubsystemIOS/Content/Localization/OnlineSubsystemIOS/en/OnlineSubsystemIOS.locres" 512
"../../../Engine/Plugins/Online/OnlineSubsystem/Content/Localization/OnlineSubsystem/en/OnlineSubsystem.locres" 513
"../../../Engine/Plugins/Online/OnlineSubsystemUtils/Content/Localization/OnlineSubsystemUtils/en/OnlineSubsystemUtils.locres" 514
"../../../Engine/Content/Internationalization/icudt64l/en.res" 515
"../../../Engine/Content/Internationalization/icudt64l/numberingSystems.res" 516
"../../../Engine/Content/Internationalization/icudt64l/curr/en.res" 517
"../../../Engine/Content/Internationalization/icudt64l/curr/pool.res" 518
"../../../Engine/Content/Internationalization/icudt64l/curr/root.res" 519
"../../../Engine/Content/Internationalization/icudt64l/lang/af.res" 520
"../../../Engine/Content/Internationalization/icudt64l/region/af.res" 521
"../../../Engine/Content/Internationalization/icudt64l/lang/agq.res" 522
"../../../Engine/Content/Internationalization/icudt64l/region/agq.res" 523
"../../../Engine/Content/Internationalization/icudt64l/lang/ak.res" 524
"../../../Engine/Content/Internationalization/icudt64l/region/ak.res" 525
"../../../Engine/Content/Internationalization/icudt64l/lang/am.res" 526
"../../../Engine/Content/Internationalization/icudt64l/region/am.res" 527
"../../../Engine/Content/Internationalization/icudt64l/lang/ar.res" 528
"../../../Engine/Content/Internationalization/icudt64l/region/ar.res" 529
"../../../Engine/Content/Internationalization/icudt64l/region/ar_AE.res" 530
"../../../Engine/Content/Internationalization/icudt64l/lang/ar_EG.res" 531
"../../../Engine/Content/Internationalization/icudt64l/lang/ar_LY.res" 532
"../../../Engine/Content/Internationalization/icudt64l/region/ar_LY.res" 533
"../../../Engine/Content/Internationalization/icudt64l/lang/ar_SA.res" 534
"../../../Engine/Content/Internationalization/icudt64l/region/ar_SA.res" 535
"../../../Engine/Content/Internationalization/icudt64l/lang/as.res" 536
"../../../Engine/Content/Internationalization/icudt64l/region/as.res" 537
"../../../Engine/Content/Internationalization/icudt64l/lang/asa.res" 538
"../../../Engine/Content/Internationalization/icudt64l/region/asa.res" 539
"../../../Engine/Content/Internationalization/icudt64l/lang/ast.res" 540
"../../../Engine/Content/Internationalization/icudt64l/region/ast.res" 541
"../../../Engine/Content/Internationalization/icudt64l/lang/az.res" 542
"../../../Engine/Content/Internationalization/icudt64l/lang/az_Cyrl.res" 543
"../../../Engine/Content/Internationalization/icudt64l/lang/az_AZ.res" 544
"../../../Engine/Content/Internationalization/icudt64l/lang/az_Latn_AZ.res" 545
"../../../Engine/Content/Internationalization/icudt64l/lang/az_Latn.res" 546
"../../../Engine/Content/Internationalization/icudt64l/region/az_AZ.res" 547
"../../../Engine/Content/Internationalization/icudt64l/region/az_Latn_AZ.res" 548
"../../../Engine/Content/Internationalization/icudt64l/region/az_Latn.res" 549
"../../../Engine/Content/Internationalization/icudt64l/region/az.res" 550
"../../../Engine/Content/Internationalization/icudt64l/region/az_Cyrl.res" 551
"../../../Engine/Content/Internationalization/icudt64l/lang/bas.res" 552
"../../../Engine/Content/Internationalization/icudt64l/region/bas.res" 553
"../../../Engine/Content/Internationalization/icudt64l/lang/be.res" 554
"../../../Engine/Content/Internationalization/icudt64l/region/be.res" 555
"../../../Engine/Content/Internationalization/icudt64l/lang/bem.res" 556
"../../../Engine/Content/Internationalization/icudt64l/region/bem.res" 557
"../../../Engine/Content/Internationalization/icudt64l/lang/bez.res" 558
"../../../Engine/Content/Internationalization/icudt64l/region/bez.res" 559
"../../../Engine/Content/Internationalization/icudt64l/lang/bg.res" 560
"../../../Engine/Content/Internationalization/icudt64l/region/bg.res" 561
"../../../Engine/Content/Internationalization/icudt64l/lang/bm.res" 562
"../../../Engine/Content/Internationalization/icudt64l/region/bm.res" 563
"../../../Engine/Content/Internationalization/icudt64l/lang/bn.res" 564
"../../../Engine/Content/Internationalization/icudt64l/region/bn.res" 565
"../../../Engine/Content/Internationalization/icudt64l/lang/bn_IN.res" 566
"../../../Engine/Content/Internationalization/icudt64l/region/bn_IN.res" 567
"../../../Engine/Content/Internationalization/icudt64l/lang/bo.res" 568
"../../../Engine/Content/Internationalization/icudt64l/region/bo.res" 569
"../../../Engine/Content/Internationalization/icudt64l/region/bo_IN.res" 570
"../../../Engine/Content/Internationalization/icudt64l/lang/br.res" 571
"../../../Engine/Content/Internationalization/icudt64l/region/br.res" 572
"../../../Engine/Content/Internationalization/icudt64l/lang/brx.res" 573
"../../../Engine/Content/Internationalization/icudt64l/region/brx.res" 574
"../../../Engine/Content/Internationalization/icudt64l/lang/bs.res" 575
"../../../Engine/Content/Internationalization/icudt64l/lang/bs_Cyrl.res" 576
"../../../Engine/Content/Internationalization/icudt64l/lang/bs_BA.res" 577
"../../../Engine/Content/Internationalization/icudt64l/lang/bs_Latn_BA.res" 578
"../../../Engine/Content/Internationalization/icudt64l/lang/bs_Latn.res" 579
"../../../Engine/Content/Internationalization/icudt64l/region/bs_BA.res" 580
"../../../Engine/Content/Internationalization/icudt64l/region/bs_Latn_BA.res" 581
"../../../Engine/Content/Internationalization/icudt64l/region/bs_Latn.res" 582
"../../../Engine/Content/Internationalization/icudt64l/region/bs.res" 583
"../../../Engine/Content/Internationalization/icudt64l/region/bs_Cyrl.res" 584
"../../../Engine/Content/Internationalization/icudt64l/lang/ca.res" 585
"../../../Engine/Content/Internationalization/icudt64l/region/ca.res" 586
"../../../Engine/Content/Internationalization/icudt64l/lang/ccp.res" 587
"../../../Engine/Content/Internationalization/icudt64l/region/ccp.res" 588
"../../../Engine/Content/Internationalization/icudt64l/lang/ce.res" 589
"../../../Engine/Content/Internationalization/icudt64l/region/ce.res" 590
"../../../Engine/Content/Internationalization/icudt64l/lang/ceb.res" 591
"../../../Engine/Content/Internationalization/icudt64l/region/ceb.res" 592
"../../../Engine/Content/Internationalization/icudt64l/lang/cgg.res" 593
"../../../Engine/Content/Internationalization/icudt64l/region/cgg.res" 594
"../../../Engine/Content/Internationalization/icudt64l/lang/chr.res" 595
"../../../Engine/Content/Internationalization/icudt64l/region/chr.res" 596
"../../../Engine/Content/Internationalization/icudt64l/lang/ckb.res" 597
"../../../Engine/Content/Internationalization/icudt64l/region/ckb.res" 598
"../../../Engine/Content/Internationalization/icudt64l/lang/cs.res" 599
"../../../Engine/Content/Internationalization/icudt64l/region/cs.res" 600
"../../../Engine/Content/Internationalization/icudt64l/lang/cy.res" 601
"../../../Engine/Content/Internationalization/icudt64l/region/cy.res" 602
"../../../Engine/Content/Internationalization/icudt64l/lang/da.res" 603
"../../../Engine/Content/Internationalization/icudt64l/region/da.res" 604
"../../../Engine/Content/Internationalization/icudt64l/lang/dav.res" 605
"../../../Engine/Content/Internationalization/icudt64l/region/dav.res" 606
"../../../Engine/Content/Internationalization/icudt64l/lang/de.res" 607
"../../../Engine/Content/Internationalization/icudt64l/lang/de_AT.res" 608
"../../../Engine/Content/Internationalization/icudt64l/region/de_AT.res" 609
"../../../Engine/Content/Internationalization/icudt64l/region/de.res" 610
"../../../Engine/Content/Internationalization/icudt64l/lang/de_CH.res" 611
"../../../Engine/Content/Internationalization/icudt64l/region/de_CH.res" 612
"../../../Engine/Content/Internationalization/icudt64l/lang/de_LU.res" 613
"../../../Engine/Content/Internationalization/icudt64l/lang/dje.res" 614
"../../../Engine/Content/Internationalization/icudt64l/region/dje.res" 615
"../../../Engine/Content/Internationalization/icudt64l/lang/dsb.res" 616
"../../../Engine/Content/Internationalization/icudt64l/region/dsb.res" 617
"../../../Engine/Content/Internationalization/icudt64l/lang/dua.res" 618
"../../../Engine/Content/Internationalization/icudt64l/region/dua.res" 619
"../../../Engine/Content/Internationalization/icudt64l/lang/dyo.res" 620
"../../../Engine/Content/Internationalization/icudt64l/region/dyo.res" 621
"../../../Engine/Content/Internationalization/icudt64l/lang/dz.res" 622
"../../../Engine/Content/Internationalization/icudt64l/region/dz.res" 623
"../../../Engine/Content/Internationalization/icudt64l/lang/ebu.res" 624
"../../../Engine/Content/Internationalization/icudt64l/region/ebu.res" 625
"../../../Engine/Content/Internationalization/icudt64l/lang/ee.res" 626
"../../../Engine/Content/Internationalization/icudt64l/region/ee.res" 627
"../../../Engine/Content/Internationalization/icudt64l/lang/el.res" 628
"../../../Engine/Content/Internationalization/icudt64l/region/el.res" 629
"../../../Engine/Content/Internationalization/icudt64l/lang/en_001.res" 630
"../../../Engine/Content/Internationalization/icudt64l/lang/en_150.res" 631
"../../../Engine/Content/Internationalization/icudt64l/region/en_150.res" 632
"../../../Engine/Content/Internationalization/icudt64l/lang/en_AG.res" 633
"../../../Engine/Content/Internationalization/icudt64l/region/en_AG.res" 634
"../../../Engine/Content/Internationalization/icudt64l/lang/en_AI.res" 635
"../../../Engine/Content/Internationalization/icudt64l/region/en_AI.res" 636
"../../../Engine/Content/Internationalization/icudt64l/lang/en_AT.res" 637
"../../../Engine/Content/Internationalization/icudt64l/region/en_AT.res" 638
"../../../Engine/Content/Internationalization/icudt64l/lang/en_AU.res" 639
"../../../Engine/Content/Internationalization/icudt64l/region/en_AU.res" 640
"../../../Engine/Content/Internationalization/icudt64l/lang/en_BB.res" 641
"../../../Engine/Content/Internationalization/icudt64l/region/en_BB.res" 642
"../../../Engine/Content/Internationalization/icudt64l/lang/en_BE.res" 643
"../../../Engine/Content/Internationalization/icudt64l/region/en_BE.res" 644
"../../../Engine/Content/Internationalization/icudt64l/lang/en_BM.res" 645
"../../../Engine/Content/Internationalization/icudt64l/region/en_BM.res" 646
"../../../Engine/Content/Internationalization/icudt64l/lang/en_BS.res" 647
"../../../Engine/Content/Internationalization/icudt64l/region/en_BS.res" 648
"../../../Engine/Content/Internationalization/icudt64l/lang/en_BW.res" 649
"../../../Engine/Content/Internationalization/icudt64l/region/en_BW.res" 650
"../../../Engine/Content/Internationalization/icudt64l/lang/en_BZ.res" 651
"../../../Engine/Content/Internationalization/icudt64l/region/en_BZ.res" 652
"../../../Engine/Content/Internationalization/icudt64l/lang/en_CA.res" 653
"../../../Engine/Content/Internationalization/icudt64l/region/en_CA.res" 654
"../../../Engine/Content/Internationalization/icudt64l/lang/en_CC.res" 655
"../../../Engine/Content/Internationalization/icudt64l/region/en_CC.res" 656
"../../../Engine/Content/Internationalization/icudt64l/lang/en_CH.res" 657
"../../../Engine/Content/Internationalization/icudt64l/region/en_CH.res" 658
"../../../Engine/Content/Internationalization/icudt64l/lang/en_CK.res" 659
"../../../Engine/Content/Internationalization/icudt64l/region/en_CK.res" 660
"../../../Engine/Content/Internationalization/icudt64l/lang/en_CM.res" 661
"../../../Engine/Content/Internationalization/icudt64l/region/en_CM.res" 662
"../../../Engine/Content/Internationalization/icudt64l/lang/en_CX.res" 663
"../../../Engine/Content/Internationalization/icudt64l/region/en_CX.res" 664
"../../../Engine/Content/Internationalization/icudt64l/lang/en_CY.res" 665
"../../../Engine/Content/Internationalization/icudt64l/region/en_CY.res" 666
"../../../Engine/Content/Internationalization/icudt64l/lang/en_DE.res" 667
"../../../Engine/Content/Internationalization/icudt64l/region/en_DE.res" 668
"../../../Engine/Content/Internationalization/icudt64l/lang/en_DG.res" 669
"../../../Engine/Content/Internationalization/icudt64l/region/en_DG.res" 670
"../../../Engine/Content/Internationalization/icudt64l/lang/en_DK.res" 671
"../../../Engine/Content/Internationalization/icudt64l/region/en_DK.res" 672
"../../../Engine/Content/Internationalization/icudt64l/lang/en_DM.res" 673
"../../../Engine/Content/Internationalization/icudt64l/region/en_DM.res" 674
"../../../Engine/Content/Internationalization/icudt64l/lang/en_ER.res" 675
"../../../Engine/Content/Internationalization/icudt64l/region/en_ER.res" 676
"../../../Engine/Content/Internationalization/icudt64l/lang/en_FI.res" 677
"../../../Engine/Content/Internationalization/icudt64l/region/en_FI.res" 678
"../../../Engine/Content/Internationalization/icudt64l/lang/en_FJ.res" 679
"../../../Engine/Content/Internationalization/icudt64l/region/en_FJ.res" 680
"../../../Engine/Content/Internationalization/icudt64l/lang/en_FK.res" 681
"../../../Engine/Content/Internationalization/icudt64l/region/en_FK.res" 682
"../../../Engine/Content/Internationalization/icudt64l/lang/en_FM.res" 683
"../../../Engine/Content/Internationalization/icudt64l/region/en_FM.res" 684
"../../../Engine/Content/Internationalization/icudt64l/lang/en_GB.res" 685
"../../../Engine/Content/Internationalization/icudt64l/region/en_GB.res" 686
"../../../Engine/Content/Internationalization/icudt64l/lang/en_GD.res" 687
"../../../Engine/Content/Internationalization/icudt64l/region/en_GD.res" 688
"../../../Engine/Content/Internationalization/icudt64l/lang/en_GG.res" 689
"../../../Engine/Content/Internationalization/icudt64l/region/en_GG.res" 690
"../../../Engine/Content/Internationalization/icudt64l/lang/en_GH.res" 691
"../../../Engine/Content/Internationalization/icudt64l/region/en_GH.res" 692
"../../../Engine/Content/Internationalization/icudt64l/lang/en_GI.res" 693
"../../../Engine/Content/Internationalization/icudt64l/region/en_GI.res" 694
"../../../Engine/Content/Internationalization/icudt64l/lang/en_GM.res" 695
"../../../Engine/Content/Internationalization/icudt64l/region/en_GM.res" 696
"../../../Engine/Content/Internationalization/icudt64l/lang/en_GY.res" 697
"../../../Engine/Content/Internationalization/icudt64l/region/en_GY.res" 698
"../../../Engine/Content/Internationalization/icudt64l/lang/en_HK.res" 699
"../../../Engine/Content/Internationalization/icudt64l/region/en_HK.res" 700
"../../../Engine/Content/Internationalization/icudt64l/lang/en_IE.res" 701
"../../../Engine/Content/Internationalization/icudt64l/region/en_IE.res" 702
"../../../Engine/Content/Internationalization/icudt64l/lang/en_IL.res" 703
"../../../Engine/Content/Internationalization/icudt64l/region/en_IL.res" 704
"../../../Engine/Content/Internationalization/icudt64l/lang/en_IM.res" 705
"../../../Engine/Content/Internationalization/icudt64l/region/en_IM.res" 706
"../../../Engine/Content/Internationalization/icudt64l/lang/en_IN.res" 707
"../../../Engine/Content/Internationalization/icudt64l/region/en_IN.res" 708
"../../../Engine/Content/Internationalization/icudt64l/lang/en_IO.res" 709
"../../../Engine/Content/Internationalization/icudt64l/region/en_IO.res" 710
"../../../Engine/Content/Internationalization/icudt64l/lang/en_JE.res" 711
"../../../Engine/Content/Internationalization/icudt64l/region/en_JE.res" 712
"../../../Engine/Content/Internationalization/icudt64l/lang/en_JM.res" 713
"../../../Engine/Content/Internationalization/icudt64l/region/en_JM.res" 714
"../../../Engine/Content/Internationalization/icudt64l/lang/en_KE.res" 715
"../../../Engine/Content/Internationalization/icudt64l/region/en_KE.res" 716
"../../../Engine/Content/Internationalization/icudt64l/lang/en_KI.res" 717
"../../../Engine/Content/Internationalization/icudt64l/region/en_KI.res" 718
"../../../Engine/Content/Internationalization/icudt64l/lang/en_KN.res" 719
"../../../Engine/Content/Internationalization/icudt64l/region/en_KN.res" 720
"../../../Engine/Content/Internationalization/icudt64l/lang/en_KY.res" 721
"../../../Engine/Content/Internationalization/icudt64l/region/en_KY.res" 722
"../../../Engine/Content/Internationalization/icudt64l/lang/en_LC.res" 723
"../../../Engine/Content/Internationalization/icudt64l/region/en_LC.res" 724
"../../../Engine/Content/Internationalization/icudt64l/lang/en_LR.res" 725
"../../../Engine/Content/Internationalization/icudt64l/region/en_LR.res" 726
"../../../Engine/Content/Internationalization/icudt64l/lang/en_LS.res" 727
"../../../Engine/Content/Internationalization/icudt64l/region/en_LS.res" 728
"../../../Engine/Content/Internationalization/icudt64l/lang/en_MG.res" 729
"../../../Engine/Content/Internationalization/icudt64l/region/en_MG.res" 730
"../../../Engine/Content/Internationalization/icudt64l/lang/en_MO.res" 731
"../../../Engine/Content/Internationalization/icudt64l/region/en_MO.res" 732
"../../../Engine/Content/Internationalization/icudt64l/lang/en_MS.res" 733
"../../../Engine/Content/Internationalization/icudt64l/region/en_MS.res" 734
"../../../Engine/Content/Internationalization/icudt64l/lang/en_MT.res" 735
"../../../Engine/Content/Internationalization/icudt64l/region/en_MT.res" 736
"../../../Engine/Content/Internationalization/icudt64l/lang/en_MU.res" 737
"../../../Engine/Content/Internationalization/icudt64l/region/en_MU.res" 738
"../../../Engine/Content/Internationalization/icudt64l/lang/en_MW.res" 739
"../../../Engine/Content/Internationalization/icudt64l/region/en_MW.res" 740
"../../../Engine/Content/Internationalization/icudt64l/lang/en_MY.res" 741
"../../../Engine/Content/Internationalization/icudt64l/region/en_MY.res" 742
"../../../Engine/Content/Internationalization/icudt64l/lang/en_NA.res" 743
"../../../Engine/Content/Internationalization/icudt64l/region/en_NA.res" 744
"../../../Engine/Content/Internationalization/icudt64l/lang/en_NF.res" 745
"../../../Engine/Content/Internationalization/icudt64l/region/en_NF.res" 746
"../../../Engine/Content/Internationalization/icudt64l/lang/en_NG.res" 747
"../../../Engine/Content/Internationalization/icudt64l/region/en_NG.res" 748
"../../../Engine/Content/Internationalization/icudt64l/lang/en_NL.res" 749
"../../../Engine/Content/Internationalization/icudt64l/region/en_NL.res" 750
"../../../Engine/Content/Internationalization/icudt64l/lang/en_NR.res" 751
"../../../Engine/Content/Internationalization/icudt64l/region/en_NR.res" 752
"../../../Engine/Content/Internationalization/icudt64l/lang/en_NU.res" 753
"../../../Engine/Content/Internationalization/icudt64l/region/en_NU.res" 754
"../../../Engine/Content/Internationalization/icudt64l/lang/en_NZ.res" 755
"../../../Engine/Content/Internationalization/icudt64l/region/en_NZ.res" 756
"../../../Engine/Content/Internationalization/icudt64l/lang/en_PG.res" 757
"../../../Engine/Content/Internationalization/icudt64l/region/en_PG.res" 758
"../../../Engine/Content/Internationalization/icudt64l/lang/en_PH.res" 759
"../../../Engine/Content/Internationalization/icudt64l/region/en_PH.res" 760
"../../../Engine/Content/Internationalization/icudt64l/lang/en_PK.res" 761
"../../../Engine/Content/Internationalization/icudt64l/region/en_PK.res" 762
"../../../Engine/Content/Internationalization/icudt64l/lang/en_PN.res" 763
"../../../Engine/Content/Internationalization/icudt64l/region/en_PN.res" 764
"../../../Engine/Content/Internationalization/icudt64l/lang/en_PW.res" 765
"../../../Engine/Content/Internationalization/icudt64l/region/en_PW.res" 766
"../../../Engine/Content/Internationalization/icudt64l/lang/en_RW.res" 767
"../../../Engine/Content/Internationalization/icudt64l/region/en_RW.res" 768
"../../../Engine/Content/Internationalization/icudt64l/lang/en_SB.res" 769
"../../../Engine/Content/Internationalization/icudt64l/region/en_SB.res" 770
"../../../Engine/Content/Internationalization/icudt64l/lang/en_SC.res" 771
"../../../Engine/Content/Internationalization/icudt64l/region/en_SC.res" 772
"../../../Engine/Content/Internationalization/icudt64l/lang/en_SD.res" 773
"../../../Engine/Content/Internationalization/icudt64l/region/en_SD.res" 774
"../../../Engine/Content/Internationalization/icudt64l/lang/en_SE.res" 775
"../../../Engine/Content/Internationalization/icudt64l/region/en_SE.res" 776
"../../../Engine/Content/Internationalization/icudt64l/lang/en_SG.res" 777
"../../../Engine/Content/Internationalization/icudt64l/region/en_SG.res" 778
"../../../Engine/Content/Internationalization/icudt64l/lang/en_SH.res" 779
"../../../Engine/Content/Internationalization/icudt64l/region/en_SH.res" 780
"../../../Engine/Content/Internationalization/icudt64l/lang/en_SI.res" 781
"../../../Engine/Content/Internationalization/icudt64l/region/en_SI.res" 782
"../../../Engine/Content/Internationalization/icudt64l/lang/en_SL.res" 783
"../../../Engine/Content/Internationalization/icudt64l/region/en_SL.res" 784
"../../../Engine/Content/Internationalization/icudt64l/lang/en_SS.res" 785
"../../../Engine/Content/Internationalization/icudt64l/region/en_SS.res" 786
"../../../Engine/Content/Internationalization/icudt64l/lang/en_SX.res" 787
"../../../Engine/Content/Internationalization/icudt64l/region/en_SX.res" 788
"../../../Engine/Content/Internationalization/icudt64l/lang/en_SZ.res" 789
"../../../Engine/Content/Internationalization/icudt64l/region/en_SZ.res" 790
"../../../Engine/Content/Internationalization/icudt64l/lang/en_TC.res" 791
"../../../Engine/Content/Internationalization/icudt64l/region/en_TC.res" 792
"../../../Engine/Content/Internationalization/icudt64l/lang/en_TK.res" 793
"../../../Engine/Content/Internationalization/icudt64l/region/en_TK.res" 794
"../../../Engine/Content/Internationalization/icudt64l/lang/en_TO.res" 795
"../../../Engine/Content/Internationalization/icudt64l/region/en_TO.res" 796
"../../../Engine/Content/Internationalization/icudt64l/lang/en_TT.res" 797
"../../../Engine/Content/Internationalization/icudt64l/region/en_TT.res" 798
"../../../Engine/Content/Internationalization/icudt64l/lang/en_TV.res" 799
"../../../Engine/Content/Internationalization/icudt64l/region/en_TV.res" 800
"../../../Engine/Content/Internationalization/icudt64l/lang/en_TZ.res" 801
"../../../Engine/Content/Internationalization/icudt64l/region/en_TZ.res" 802
"../../../Engine/Content/Internationalization/icudt64l/lang/en_UG.res" 803
"../../../Engine/Content/Internationalization/icudt64l/region/en_UG.res" 804
"../../../Engine/Content/Internationalization/icudt64l/lang/en_VC.res" 805
"../../../Engine/Content/Internationalization/icudt64l/region/en_VC.res" 806
"../../../Engine/Content/Internationalization/icudt64l/lang/en_VG.res" 807
"../../../Engine/Content/Internationalization/icudt64l/region/en_VG.res" 808
"../../../Engine/Content/Internationalization/icudt64l/lang/en_VU.res" 809
"../../../Engine/Content/Internationalization/icudt64l/region/en_VU.res" 810
"../../../Engine/Content/Internationalization/icudt64l/lang/en_WS.res" 811
"../../../Engine/Content/Internationalization/icudt64l/region/en_WS.res" 812
"../../../Engine/Content/Internationalization/icudt64l/lang/en_ZA.res" 813
"../../../Engine/Content/Internationalization/icudt64l/region/en_ZA.res" 814
"../../../Engine/Content/Internationalization/icudt64l/lang/en_ZM.res" 815
"../../../Engine/Content/Internationalization/icudt64l/region/en_ZM.res" 816
"../../../Engine/Content/Internationalization/icudt64l/lang/en_ZW.res" 817
"../../../Engine/Content/Internationalization/icudt64l/region/en_ZW.res" 818
"../../../Engine/Content/Internationalization/icudt64l/lang/eo.res" 819
"../../../Engine/Content/Internationalization/icudt64l/region/eo.res" 820
"../../../Engine/Content/Internationalization/icudt64l/lang/es.res" 821
"../../../Engine/Content/Internationalization/icudt64l/lang/es_419.res" 822
"../../../Engine/Content/Internationalization/icudt64l/region/es_419.res" 823
"../../../Engine/Content/Internationalization/icudt64l/region/es.res" 824
"../../../Engine/Content/Internationalization/icudt64l/lang/es_AR.res" 825
"../../../Engine/Content/Internationalization/icudt64l/region/es_AR.res" 826
"../../../Engine/Content/Internationalization/icudt64l/lang/es_BO.res" 827
"../../../Engine/Content/Internationalization/icudt64l/region/es_BO.res" 828
"../../../Engine/Content/Internationalization/icudt64l/lang/es_BR.res" 829
"../../../Engine/Content/Internationalization/icudt64l/region/es_BR.res" 830
"../../../Engine/Content/Internationalization/icudt64l/lang/es_BZ.res" 831
"../../../Engine/Content/Internationalization/icudt64l/region/es_BZ.res" 832
"../../../Engine/Content/Internationalization/icudt64l/lang/es_CL.res" 833
"../../../Engine/Content/Internationalization/icudt64l/region/es_CL.res" 834
"../../../Engine/Content/Internationalization/icudt64l/lang/es_CO.res" 835
"../../../Engine/Content/Internationalization/icudt64l/region/es_CO.res" 836
"../../../Engine/Content/Internationalization/icudt64l/lang/es_CR.res" 837
"../../../Engine/Content/Internationalization/icudt64l/region/es_CR.res" 838
"../../../Engine/Content/Internationalization/icudt64l/lang/es_CU.res" 839
"../../../Engine/Content/Internationalization/icudt64l/region/es_CU.res" 840
"../../../Engine/Content/Internationalization/icudt64l/lang/es_DO.res" 841
"../../../Engine/Content/Internationalization/icudt64l/region/es_DO.res" 842
"../../../Engine/Content/Internationalization/icudt64l/lang/es_EC.res" 843
"../../../Engine/Content/Internationalization/icudt64l/region/es_EC.res" 844
"../../../Engine/Content/Internationalization/icudt64l/lang/es_GT.res" 845
"../../../Engine/Content/Internationalization/icudt64l/region/es_GT.res" 846
"../../../Engine/Content/Internationalization/icudt64l/lang/es_HN.res" 847
"../../../Engine/Content/Internationalization/icudt64l/region/es_HN.res" 848
"../../../Engine/Content/Internationalization/icudt64l/lang/es_MX.res" 849
"../../../Engine/Content/Internationalization/icudt64l/region/es_MX.res" 850
"../../../Engine/Content/Internationalization/icudt64l/lang/es_NI.res" 851
"../../../Engine/Content/Internationalization/icudt64l/region/es_NI.res" 852
"../../../Engine/Content/Internationalization/icudt64l/lang/es_PA.res" 853
"../../../Engine/Content/Internationalization/icudt64l/region/es_PA.res" 854
"../../../Engine/Content/Internationalization/icudt64l/lang/es_PE.res" 855
"../../../Engine/Content/Internationalization/icudt64l/region/es_PE.res" 856
"../../../Engine/Content/Internationalization/icudt64l/lang/es_PR.res" 857
"../../../Engine/Content/Internationalization/icudt64l/region/es_PR.res" 858
"../../../Engine/Content/Internationalization/icudt64l/lang/es_PY.res" 859
"../../../Engine/Content/Internationalization/icudt64l/region/es_PY.res" 860
"../../../Engine/Content/Internationalization/icudt64l/lang/es_SV.res" 861
"../../../Engine/Content/Internationalization/icudt64l/region/es_SV.res" 862
"../../../Engine/Content/Internationalization/icudt64l/lang/es_US.res" 863
"../../../Engine/Content/Internationalization/icudt64l/region/es_US.res" 864
"../../../Engine/Content/Internationalization/icudt64l/lang/es_UY.res" 865
"../../../Engine/Content/Internationalization/icudt64l/region/es_UY.res" 866
"../../../Engine/Content/Internationalization/icudt64l/lang/es_VE.res" 867
"../../../Engine/Content/Internationalization/icudt64l/region/es_VE.res" 868
"../../../Engine/Content/Internationalization/icudt64l/lang/et.res" 869
"../../../Engine/Content/Internationalization/icudt64l/region/et.res" 870
"../../../Engine/Content/Internationalization/icudt64l/lang/eu.res" 871
"../../../Engine/Content/Internationalization/icudt64l/region/eu.res" 872
"../../../Engine/Content/Internationalization/icudt64l/lang/ewo.res" 873
"../../../Engine/Content/Internationalization/icudt64l/region/ewo.res" 874
"../../../Engine/Content/Internationalization/icudt64l/lang/fa.res" 875
"../../../Engine/Content/Internationalization/icudt64l/lang/fa_AF.res" 876
"../../../Engine/Content/Internationalization/icudt64l/region/fa_AF.res" 877
"../../../Engine/Content/Internationalization/icudt64l/region/fa.res" 878
"../../../Engine/Content/Internationalization/icudt64l/lang/ff.res" 879
"../../../Engine/Content/Internationalization/icudt64l/lang/ff_Latn.res" 880
"../../../Engine/Content/Internationalization/icudt64l/region/ff.res" 881
"../../../Engine/Content/Internationalization/icudt64l/region/ff_Latn.res" 882
"../../../Engine/Content/Internationalization/icudt64l/lang/ff_CM.res" 883
"../../../Engine/Content/Internationalization/icudt64l/lang/ff_Latn_CM.res" 884
"../../../Engine/Content/Internationalization/icudt64l/region/ff_CM.res" 885
"../../../Engine/Content/Internationalization/icudt64l/region/ff_Latn_CM.res" 886
"../../../Engine/Content/Internationalization/icudt64l/lang/ff_GN.res" 887
"../../../Engine/Content/Internationalization/icudt64l/lang/ff_Latn_GN.res" 888
"../../../Engine/Content/Internationalization/icudt64l/region/ff_GN.res" 889
"../../../Engine/Content/Internationalization/icudt64l/region/ff_Latn_GN.res" 890
"../../../Engine/Content/Internationalization/icudt64l/lang/ff_MR.res" 891
"../../../Engine/Content/Internationalization/icudt64l/lang/ff_Latn_MR.res" 892
"../../../Engine/Content/Internationalization/icudt64l/region/ff_MR.res" 893
"../../../Engine/Content/Internationalization/icudt64l/region/ff_Latn_MR.res" 894
"../../../Engine/Content/Internationalization/icudt64l/lang/ff_SN.res" 895
"../../../Engine/Content/Internationalization/icudt64l/lang/ff_Latn_SN.res" 896
"../../../Engine/Content/Internationalization/icudt64l/region/ff_SN.res" 897
"../../../Engine/Content/Internationalization/icudt64l/region/ff_Latn_SN.res" 898
"../../../Engine/Content/Internationalization/icudt64l/lang/fi.res" 899
"../../../Engine/Content/Internationalization/icudt64l/region/fi.res" 900
"../../../Engine/Content/Internationalization/icudt64l/lang/fil.res" 901
"../../../Engine/Content/Internationalization/icudt64l/lang/fil_PH.res" 902
"../../../Engine/Content/Internationalization/icudt64l/region/fil_PH.res" 903
"../../../Engine/Content/Internationalization/icudt64l/region/fil.res" 904
"../../../Engine/Content/Internationalization/icudt64l/lang/fo.res" 905
"../../../Engine/Content/Internationalization/icudt64l/region/fo.res" 906
"../../../Engine/Content/Internationalization/icudt64l/lang/fr.res" 907
"../../../Engine/Content/Internationalization/icudt64l/lang/fr_BE.res" 908
"../../../Engine/Content/Internationalization/icudt64l/region/fr_BE.res" 909
"../../../Engine/Content/Internationalization/icudt64l/region/fr.res" 910
"../../../Engine/Content/Internationalization/icudt64l/lang/fr_CA.res" 911
"../../../Engine/Content/Internationalization/icudt64l/region/fr_CA.res" 912
"../../../Engine/Content/Internationalization/icudt64l/lang/fr_CH.res" 913
"../../../Engine/Content/Internationalization/icudt64l/lang/fur.res" 914
"../../../Engine/Content/Internationalization/icudt64l/region/fur.res" 915
"../../../Engine/Content/Internationalization/icudt64l/lang/fy.res" 916
"../../../Engine/Content/Internationalization/icudt64l/region/fy.res" 917
"../../../Engine/Content/Internationalization/icudt64l/lang/ga.res" 918
"../../../Engine/Content/Internationalization/icudt64l/region/ga.res" 919
"../../../Engine/Content/Internationalization/icudt64l/lang/gd.res" 920
"../../../Engine/Content/Internationalization/icudt64l/region/gd.res" 921
"../../../Engine/Content/Internationalization/icudt64l/lang/gl.res" 922
"../../../Engine/Content/Internationalization/icudt64l/region/gl.res" 923
"../../../Engine/Content/Internationalization/icudt64l/lang/gsw.res" 924
"../../../Engine/Content/Internationalization/icudt64l/region/gsw.res" 925
"../../../Engine/Content/Internationalization/icudt64l/lang/gu.res" 926
"../../../Engine/Content/Internationalization/icudt64l/region/gu.res" 927
"../../../Engine/Content/Internationalization/icudt64l/lang/guz.res" 928
"../../../Engine/Content/Internationalization/icudt64l/region/guz.res" 929
"../../../Engine/Content/Internationalization/icudt64l/lang/gv.res" 930
"../../../Engine/Content/Internationalization/icudt64l/region/gv.res" 931
"../../../Engine/Content/Internationalization/icudt64l/lang/ha.res" 932
"../../../Engine/Content/Internationalization/icudt64l/region/ha.res" 933
"../../../Engine/Content/Internationalization/icudt64l/lang/ha_NE.res" 934
"../../../Engine/Content/Internationalization/icudt64l/region/ha_NE.res" 935
"../../../Engine/Content/Internationalization/icudt64l/lang/haw.res" 936
"../../../Engine/Content/Internationalization/icudt64l/region/haw.res" 937
"../../../Engine/Content/Internationalization/icudt64l/lang/he.res" 938
"../../../Engine/Content/Internationalization/icudt64l/lang/he_IL.res" 939
"../../../Engine/Content/Internationalization/icudt64l/region/he_IL.res" 940
"../../../Engine/Content/Internationalization/icudt64l/region/he.res" 941
"../../../Engine/Content/Internationalization/icudt64l/lang/hi.res" 942
"../../../Engine/Content/Internationalization/icudt64l/region/hi.res" 943
"../../../Engine/Content/Internationalization/icudt64l/lang/hr.res" 944
"../../../Engine/Content/Internationalization/icudt64l/region/hr.res" 945
"../../../Engine/Content/Internationalization/icudt64l/lang/hsb.res" 946
"../../../Engine/Content/Internationalization/icudt64l/region/hsb.res" 947
"../../../Engine/Content/Internationalization/icudt64l/lang/hu.res" 948
"../../../Engine/Content/Internationalization/icudt64l/region/hu.res" 949
"../../../Engine/Content/Internationalization/icudt64l/lang/hy.res" 950
"../../../Engine/Content/Internationalization/icudt64l/region/hy.res" 951
"../../../Engine/Content/Internationalization/icudt64l/lang/ia.res" 952
"../../../Engine/Content/Internationalization/icudt64l/region/ia.res" 953
"../../../Engine/Content/Internationalization/icudt64l/lang/id.res" 954
"../../../Engine/Content/Internationalization/icudt64l/lang/id_ID.res" 955
"../../../Engine/Content/Internationalization/icudt64l/region/id_ID.res" 956
"../../../Engine/Content/Internationalization/icudt64l/region/id.res" 957
"../../../Engine/Content/Internationalization/icudt64l/lang/ig.res" 958
"../../../Engine/Content/Internationalization/icudt64l/region/ig.res" 959
"../../../Engine/Content/Internationalization/icudt64l/lang/ii.res" 960
"../../../Engine/Content/Internationalization/icudt64l/region/ii.res" 961
"../../../Engine/Content/Internationalization/icudt64l/lang/is.res" 962
"../../../Engine/Content/Internationalization/icudt64l/region/is.res" 963
"../../../Engine/Content/Internationalization/icudt64l/lang/it.res" 964
"../../../Engine/Content/Internationalization/icudt64l/region/it.res" 965
"../../../Engine/Content/Internationalization/icudt64l/lang/ja.res" 966
"../../../Engine/Content/Internationalization/icudt64l/lang/ja_JP.res" 967
"../../../Engine/Content/Internationalization/icudt64l/region/ja_JP.res" 968
"../../../Engine/Content/Internationalization/icudt64l/region/ja.res" 969
"../../../Engine/Content/Internationalization/icudt64l/lang/jgo.res" 970
"../../../Engine/Content/Internationalization/icudt64l/region/jgo.res" 971
"../../../Engine/Content/Internationalization/icudt64l/lang/jmc.res" 972
"../../../Engine/Content/Internationalization/icudt64l/region/jmc.res" 973
"../../../Engine/Content/Internationalization/icudt64l/lang/jv.res" 974
"../../../Engine/Content/Internationalization/icudt64l/region/jv.res" 975
"../../../Engine/Content/Internationalization/icudt64l/lang/ka.res" 976
"../../../Engine/Content/Internationalization/icudt64l/region/ka.res" 977
"../../../Engine/Content/Internationalization/icudt64l/lang/kab.res" 978
"../../../Engine/Content/Internationalization/icudt64l/region/kab.res" 979
"../../../Engine/Content/Internationalization/icudt64l/lang/kam.res" 980
"../../../Engine/Content/Internationalization/icudt64l/region/kam.res" 981
"../../../Engine/Content/Internationalization/icudt64l/lang/kde.res" 982
"../../../Engine/Content/Internationalization/icudt64l/region/kde.res" 983
"../../../Engine/Content/Internationalization/icudt64l/lang/kea.res" 984
"../../../Engine/Content/Internationalization/icudt64l/region/kea.res" 985
"../../../Engine/Content/Internationalization/icudt64l/lang/khq.res" 986
"../../../Engine/Content/Internationalization/icudt64l/region/khq.res" 987
"../../../Engine/Content/Internationalization/icudt64l/lang/ki.res" 988
"../../../Engine/Content/Internationalization/icudt64l/region/ki.res" 989
"../../../Engine/Content/Internationalization/icudt64l/lang/kk.res" 990
"../../../Engine/Content/Internationalization/icudt64l/region/kk.res" 991
"../../../Engine/Content/Internationalization/icudt64l/lang/kkj.res" 992
"../../../Engine/Content/Internationalization/icudt64l/region/kkj.res" 993
"../../../Engine/Content/Internationalization/icudt64l/lang/kl.res" 994
"../../../Engine/Content/Internationalization/icudt64l/region/kl.res" 995
"../../../Engine/Content/Internationalization/icudt64l/lang/kln.res" 996
"../../../Engine/Content/Internationalization/icudt64l/region/kln.res" 997
"../../../Engine/Content/Internationalization/icudt64l/lang/km.res" 998
"../../../Engine/Content/Internationalization/icudt64l/region/km.res" 999
"../../../Engine/Content/Internationalization/icudt64l/lang/kn.res" 1000
"../../../Engine/Content/Internationalization/icudt64l/region/kn.res" 1001
"../../../Engine/Content/Internationalization/icudt64l/lang/ko.res" 1002
"../../../Engine/Content/Internationalization/icudt64l/region/ko_KP.res" 1003
"../../../Engine/Content/Internationalization/icudt64l/region/ko.res" 1004
"../../../Engine/Content/Internationalization/icudt64l/lang/kok.res" 1005
"../../../Engine/Content/Internationalization/icudt64l/region/kok.res" 1006
"../../../Engine/Content/Internationalization/icudt64l/lang/ks.res" 1007
"../../../Engine/Content/Internationalization/icudt64l/region/ks.res" 1008
"../../../Engine/Content/Internationalization/icudt64l/lang/ksb.res" 1009
"../../../Engine/Content/Internationalization/icudt64l/region/ksb.res" 1010
"../../../Engine/Content/Internationalization/icudt64l/lang/ksf.res" 1011
"../../../Engine/Content/Internationalization/icudt64l/region/ksf.res" 1012
"../../../Engine/Content/Internationalization/icudt64l/lang/ksh.res" 1013
"../../../Engine/Content/Internationalization/icudt64l/region/ksh.res" 1014
"../../../Engine/Content/Internationalization/icudt64l/lang/ku.res" 1015
"../../../Engine/Content/Internationalization/icudt64l/region/ku.res" 1016
"../../../Engine/Content/Internationalization/icudt64l/lang/kw.res" 1017
"../../../Engine/Content/Internationalization/icudt64l/region/kw.res" 1018
"../../../Engine/Content/Internationalization/icudt64l/lang/ky.res" 1019
"../../../Engine/Content/Internationalization/icudt64l/region/ky.res" 1020
"../../../Engine/Content/Internationalization/icudt64l/lang/lag.res" 1021
"../../../Engine/Content/Internationalization/icudt64l/region/lag.res" 1022
"../../../Engine/Content/Internationalization/icudt64l/lang/lb.res" 1023
"../../../Engine/Content/Internationalization/icudt64l/region/lb.res" 1024
"../../../Engine/Content/Internationalization/icudt64l/lang/lg.res" 1025
"../../../Engine/Content/Internationalization/icudt64l/region/lg.res" 1026
"../../../Engine/Content/Internationalization/icudt64l/lang/lkt.res" 1027
"../../../Engine/Content/Internationalization/icudt64l/region/lkt.res" 1028
"../../../Engine/Content/Internationalization/icudt64l/lang/ln.res" 1029
"../../../Engine/Content/Internationalization/icudt64l/region/ln.res" 1030
"../../../Engine/Content/Internationalization/icudt64l/lang/lo.res" 1031
"../../../Engine/Content/Internationalization/icudt64l/region/lo.res" 1032
"../../../Engine/Content/Internationalization/icudt64l/lang/lrc.res" 1033
"../../../Engine/Content/Internationalization/icudt64l/region/lrc.res" 1034
"../../../Engine/Content/Internationalization/icudt64l/lang/lt.res" 1035
"../../../Engine/Content/Internationalization/icudt64l/region/lt.res" 1036
"../../../Engine/Content/Internationalization/icudt64l/lang/lu.res" 1037
"../../../Engine/Content/Internationalization/icudt64l/region/lu.res" 1038
"../../../Engine/Content/Internationalization/icudt64l/lang/luo.res" 1039
"../../../Engine/Content/Internationalization/icudt64l/region/luo.res" 1040
"../../../Engine/Content/Internationalization/icudt64l/lang/luy.res" 1041
"../../../Engine/Content/Internationalization/icudt64l/region/luy.res" 1042
"../../../Engine/Content/Internationalization/icudt64l/lang/lv.res" 1043
"../../../Engine/Content/Internationalization/icudt64l/region/lv.res" 1044
"../../../Engine/Content/Internationalization/icudt64l/lang/mas.res" 1045
"../../../Engine/Content/Internationalization/icudt64l/region/mas.res" 1046
"../../../Engine/Content/Internationalization/icudt64l/lang/mer.res" 1047
"../../../Engine/Content/Internationalization/icudt64l/region/mer.res" 1048
"../../../Engine/Content/Internationalization/icudt64l/lang/mfe.res" 1049
"../../../Engine/Content/Internationalization/icudt64l/region/mfe.res" 1050
"../../../Engine/Content/Internationalization/icudt64l/lang/mg.res" 1051
"../../../Engine/Content/Internationalization/icudt64l/region/mg.res" 1052
"../../../Engine/Content/Internationalization/icudt64l/lang/mgh.res" 1053
"../../../Engine/Content/Internationalization/icudt64l/region/mgh.res" 1054
"../../../Engine/Content/Internationalization/icudt64l/lang/mgo.res" 1055
"../../../Engine/Content/Internationalization/icudt64l/region/mgo.res" 1056
"../../../Engine/Content/Internationalization/icudt64l/lang/mi.res" 1057
"../../../Engine/Content/Internationalization/icudt64l/region/mi.res" 1058
"../../../Engine/Content/Internationalization/icudt64l/lang/mk.res" 1059
"../../../Engine/Content/Internationalization/icudt64l/region/mk.res" 1060
"../../../Engine/Content/Internationalization/icudt64l/lang/ml.res" 1061
"../../../Engine/Content/Internationalization/icudt64l/region/ml.res" 1062
"../../../Engine/Content/Internationalization/icudt64l/lang/mn.res" 1063
"../../../Engine/Content/Internationalization/icudt64l/region/mn.res" 1064
"../../../Engine/Content/Internationalization/icudt64l/lang/mr.res" 1065
"../../../Engine/Content/Internationalization/icudt64l/region/mr.res" 1066
"../../../Engine/Content/Internationalization/icudt64l/lang/ms.res" 1067
"../../../Engine/Content/Internationalization/icudt64l/region/ms.res" 1068
"../../../Engine/Content/Internationalization/icudt64l/lang/mt.res" 1069
"../../../Engine/Content/Internationalization/icudt64l/region/mt.res" 1070
"../../../Engine/Content/Internationalization/icudt64l/lang/mua.res" 1071
"../../../Engine/Content/Internationalization/icudt64l/region/mua.res" 1072
"../../../Engine/Content/Internationalization/icudt64l/lang/my.res" 1073
"../../../Engine/Content/Internationalization/icudt64l/region/my.res" 1074
"../../../Engine/Content/Internationalization/icudt64l/lang/mzn.res" 1075
"../../../Engine/Content/Internationalization/icudt64l/region/mzn.res" 1076
"../../../Engine/Content/Internationalization/icudt64l/lang/naq.res" 1077
"../../../Engine/Content/Internationalization/icudt64l/region/naq.res" 1078
"../../../Engine/Content/Internationalization/icudt64l/lang/nb.res" 1079
"../../../Engine/Content/Internationalization/icudt64l/lang/nb_NO.res" 1080
"../../../Engine/Content/Internationalization/icudt64l/region/nb_NO.res" 1081
"../../../Engine/Content/Internationalization/icudt64l/region/nb.res" 1082
"../../../Engine/Content/Internationalization/icudt64l/lang/nd.res" 1083
"../../../Engine/Content/Internationalization/icudt64l/region/nd.res" 1084
"../../../Engine/Content/Internationalization/icudt64l/lang/nds.res" 1085
"../../../Engine/Content/Internationalization/icudt64l/region/nds.res" 1086
"../../../Engine/Content/Internationalization/icudt64l/lang/ne.res" 1087
"../../../Engine/Content/Internationalization/icudt64l/region/ne.res" 1088
"../../../Engine/Content/Internationalization/icudt64l/lang/nl.res" 1089
"../../../Engine/Content/Internationalization/icudt64l/region/nl.res" 1090
"../../../Engine/Content/Internationalization/icudt64l/lang/nmg.res" 1091
"../../../Engine/Content/Internationalization/icudt64l/region/nmg.res" 1092
"../../../Engine/Content/Internationalization/icudt64l/lang/nn.res" 1093
"../../../Engine/Content/Internationalization/icudt64l/lang/nn_NO.res" 1094
"../../../Engine/Content/Internationalization/icudt64l/region/nn_NO.res" 1095
"../../../Engine/Content/Internationalization/icudt64l/region/nn.res" 1096
"../../../Engine/Content/Internationalization/icudt64l/lang/nnh.res" 1097
"../../../Engine/Content/Internationalization/icudt64l/region/nnh.res" 1098
"../../../Engine/Content/Internationalization/icudt64l/lang/nus.res" 1099
"../../../Engine/Content/Internationalization/icudt64l/region/nus.res" 1100
"../../../Engine/Content/Internationalization/icudt64l/lang/nyn.res" 1101
"../../../Engine/Content/Internationalization/icudt64l/region/nyn.res" 1102
"../../../Engine/Content/Internationalization/icudt64l/lang/om.res" 1103
"../../../Engine/Content/Internationalization/icudt64l/region/om.res" 1104
"../../../Engine/Content/Internationalization/icudt64l/lang/or.res" 1105
"../../../Engine/Content/Internationalization/icudt64l/region/or.res" 1106
"../../../Engine/Content/Internationalization/icudt64l/lang/os.res" 1107
"../../../Engine/Content/Internationalization/icudt64l/region/os.res" 1108
"../../../Engine/Content/Internationalization/icudt64l/lang/pa.res" 1109
"../../../Engine/Content/Internationalization/icudt64l/lang/pa_Arab.res" 1110
"../../../Engine/Content/Internationalization/icudt64l/lang/pa_PK.res" 1111
"../../../Engine/Content/Internationalization/icudt64l/lang/pa_Arab_PK.res" 1112
"../../../Engine/Content/Internationalization/icudt64l/region/pa_PK.res" 1113
"../../../Engine/Content/Internationalization/icudt64l/region/pa_Arab_PK.res" 1114
"../../../Engine/Content/Internationalization/icudt64l/region/pa_Arab.res" 1115
"../../../Engine/Content/Internationalization/icudt64l/lang/pa_Guru.res" 1116
"../../../Engine/Content/Internationalization/icudt64l/lang/pa_IN.res" 1117
"../../../Engine/Content/Internationalization/icudt64l/lang/pa_Guru_IN.res" 1118
"../../../Engine/Content/Internationalization/icudt64l/region/pa_IN.res" 1119
"../../../Engine/Content/Internationalization/icudt64l/region/pa_Guru_IN.res" 1120
"../../../Engine/Content/Internationalization/icudt64l/region/pa_Guru.res" 1121
"../../../Engine/Content/Internationalization/icudt64l/region/pa.res" 1122
"../../../Engine/Content/Internationalization/icudt64l/lang/pl.res" 1123
"../../../Engine/Content/Internationalization/icudt64l/region/pl.res" 1124
"../../../Engine/Content/Internationalization/icudt64l/lang/ps.res" 1125
"../../../Engine/Content/Internationalization/icudt64l/region/ps.res" 1126
"../../../Engine/Content/Internationalization/icudt64l/lang/ps_PK.res" 1127
"../../../Engine/Content/Internationalization/icudt64l/region/ps_PK.res" 1128
"../../../Engine/Content/Internationalization/icudt64l/lang/pt_AO.res" 1129
"../../../Engine/Content/Internationalization/icudt64l/lang/pt_PT.res" 1130
"../../../Engine/Content/Internationalization/icudt64l/region/pt_AO.res" 1131
"../../../Engine/Content/Internationalization/icudt64l/region/pt_PT.res" 1132
"../../../Engine/Content/Internationalization/icudt64l/lang/pt_CH.res" 1133
"../../../Engine/Content/Internationalization/icudt64l/region/pt_CH.res" 1134
"../../../Engine/Content/Internationalization/icudt64l/lang/pt_CV.res" 1135
"../../../Engine/Content/Internationalization/icudt64l/region/pt_CV.res" 1136
"../../../Engine/Content/Internationalization/icudt64l/lang/pt_GQ.res" 1137
"../../../Engine/Content/Internationalization/icudt64l/region/pt_GQ.res" 1138
"../../../Engine/Content/Internationalization/icudt64l/lang/pt_GW.res" 1139
"../../../Engine/Content/Internationalization/icudt64l/region/pt_GW.res" 1140
"../../../Engine/Content/Internationalization/icudt64l/lang/pt_LU.res" 1141
"../../../Engine/Content/Internationalization/icudt64l/region/pt_LU.res" 1142
"../../../Engine/Content/Internationalization/icudt64l/lang/pt_MO.res" 1143
"../../../Engine/Content/Internationalization/icudt64l/region/pt_MO.res" 1144
"../../../Engine/Content/Internationalization/icudt64l/lang/pt_MZ.res" 1145
"../../../Engine/Content/Internationalization/icudt64l/region/pt_MZ.res" 1146
"../../../Engine/Content/Internationalization/icudt64l/lang/pt_ST.res" 1147
"../../../Engine/Content/Internationalization/icudt64l/region/pt_ST.res" 1148
"../../../Engine/Content/Internationalization/icudt64l/lang/pt_TL.res" 1149
"../../../Engine/Content/Internationalization/icudt64l/region/pt_TL.res" 1150
"../../../Engine/Content/Internationalization/icudt64l/lang/qu.res" 1151
"../../../Engine/Content/Internationalization/icudt64l/region/qu.res" 1152
"../../../Engine/Content/Internationalization/icudt64l/lang/rm.res" 1153
"../../../Engine/Content/Internationalization/icudt64l/region/rm.res" 1154
"../../../Engine/Content/Internationalization/icudt64l/lang/rn.res" 1155
"../../../Engine/Content/Internationalization/icudt64l/region/rn.res" 1156
"../../../Engine/Content/Internationalization/icudt64l/lang/ro.res" 1157
"../../../Engine/Content/Internationalization/icudt64l/lang/ro_MD.res" 1158
"../../../Engine/Content/Internationalization/icudt64l/region/ro_MD.res" 1159
"../../../Engine/Content/Internationalization/icudt64l/region/ro.res" 1160
"../../../Engine/Content/Internationalization/icudt64l/lang/rof.res" 1161
"../../../Engine/Content/Internationalization/icudt64l/region/rof.res" 1162
"../../../Engine/Content/Internationalization/icudt64l/lang/ru.res" 1163
"../../../Engine/Content/Internationalization/icudt64l/region/ru.res" 1164
"../../../Engine/Content/Internationalization/icudt64l/region/ru_UA.res" 1165
"../../../Engine/Content/Internationalization/icudt64l/lang/rw.res" 1166
"../../../Engine/Content/Internationalization/icudt64l/region/rw.res" 1167
"../../../Engine/Content/Internationalization/icudt64l/lang/rwk.res" 1168
"../../../Engine/Content/Internationalization/icudt64l/region/rwk.res" 1169
"../../../Engine/Content/Internationalization/icudt64l/lang/sah.res" 1170
"../../../Engine/Content/Internationalization/icudt64l/region/sah.res" 1171
"../../../Engine/Content/Internationalization/icudt64l/lang/saq.res" 1172
"../../../Engine/Content/Internationalization/icudt64l/region/saq.res" 1173
"../../../Engine/Content/Internationalization/icudt64l/lang/sbp.res" 1174
"../../../Engine/Content/Internationalization/icudt64l/region/sbp.res" 1175
"../../../Engine/Content/Internationalization/icudt64l/lang/sd.res" 1176
"../../../Engine/Content/Internationalization/icudt64l/region/sd.res" 1177
"../../../Engine/Content/Internationalization/icudt64l/lang/se.res" 1178
"../../../Engine/Content/Internationalization/icudt64l/lang/se_FI.res" 1179
"../../../Engine/Content/Internationalization/icudt64l/region/se_FI.res" 1180
"../../../Engine/Content/Internationalization/icudt64l/region/se.res" 1181
"../../../Engine/Content/Internationalization/icudt64l/lang/seh.res" 1182
"../../../Engine/Content/Internationalization/icudt64l/region/seh.res" 1183
"../../../Engine/Content/Internationalization/icudt64l/lang/ses.res" 1184
"../../../Engine/Content/Internationalization/icudt64l/region/ses.res" 1185
"../../../Engine/Content/Internationalization/icudt64l/lang/sg.res" 1186
"../../../Engine/Content/Internationalization/icudt64l/region/sg.res" 1187
"../../../Engine/Content/Internationalization/icudt64l/lang/shi.res" 1188
"../../../Engine/Content/Internationalization/icudt64l/lang/shi_Latn.res" 1189
"../../../Engine/Content/Internationalization/icudt64l/lang/shi_MA.res" 1190
"../../../Engine/Content/Internationalization/icudt64l/lang/shi_Tfng_MA.res" 1191
"../../../Engine/Content/Internationalization/icudt64l/lang/shi_Tfng.res" 1192
"../../../Engine/Content/Internationalization/icudt64l/region/shi_MA.res" 1193
